Thu, 14 Dec 2017 17:32:23 connectionpool.py[line:208] DEBUG Starting new HTTP connection (1): proxy.abuyun.com
Thu, 14 Dec 2017 17:32:25 connectionpool.py[line:396] DEBUG http://proxy.abuyun.com:9010 "GET http://www.dianping.com/search/category/255/10/ HTTP/1.1" 301 0
Thu, 14 Dec 2017 17:32:26 connectionpool.py[line:396] DEBUG http://proxy.abuyun.com:9010 "GET http://www.dianping.com/search/category/255/10 HTTP/1.1" 200 None
Thu, 14 Dec 2017 17:32:26 dianping_items.py[line:205] DEBUG 请求成功, url: http://www.dianping.com/search/category/255/10, params: 
Thu, 14 Dec 2017 17:32:26 connectionpool.py[line:396] DEBUG http://proxy.abuyun.com:9010 "GET http://www.dianping.com/search/category/255/10/ HTTP/1.1" 301 0
Thu, 14 Dec 2017 17:32:27 connectionpool.py[line:396] DEBUG http://proxy.abuyun.com:9010 "GET http://www.dianping.com/search/category/255/10 HTTP/1.1" 200 None
Thu, 14 Dec 2017 17:32:27 dianping_items.py[line:205] DEBUG 请求成功, url: http://www.dianping.com/search/category/255/10, params: 
Thu, 14 Dec 2017 17:32:27 connectionpool.py[line:396] DEBUG http://proxy.abuyun.com:9010 "GET http://www.dianping.com/search/category/255/10/ HTTP/1.1" 301 0
Thu, 14 Dec 2017 17:32:29 connectionpool.py[line:396] DEBUG http://proxy.abuyun.com:9010 "GET http://www.dianping.com/search/category/255/10 HTTP/1.1" 200 None
Thu, 14 Dec 2017 17:32:29 dianping_items.py[line:205] DEBUG 请求成功, url: http://www.dianping.com/search/category/255/10, params: 
Thu, 14 Dec 2017 17:32:29 connectionpool.py[line:396] DEBUG http://proxy.abuyun.com:9010 "GET http://www.dianping.com/search/category/255/10/ HTTP/1.1" 301 0
Thu, 14 Dec 2017 17:32:30 connectionpool.py[line:396] DEBUG http://proxy.abuyun.com:9010 "GET http://www.dianping.com/search/category/255/10 HTTP/1.1" 200 None
Thu, 14 Dec 2017 17:32:31 dianping_items.py[line:205] DEBUG 请求成功, url: http://www.dianping.com/search/category/255/10, params: 
Thu, 14 Dec 2017 17:32:31 connectionpool.py[line:396] DEBUG http://proxy.abuyun.com:9010 "GET http://www.dianping.com/search/category/255/10/ HTTP/1.1" 301 0
Thu, 14 Dec 2017 17:32:32 connectionpool.py[line:396] DEBUG http://proxy.abuyun.com:9010 "GET http://www.dianping.com/search/category/255/10 HTTP/1.1" 200 None
Thu, 14 Dec 2017 17:32:32 dianping_items.py[line:205] DEBUG 请求成功, url: http://www.dianping.com/search/category/255/10, params: 
Thu, 14 Dec 2017 17:32:32 connectionpool.py[line:396] DEBUG http://proxy.abuyun.com:9010 "GET http://www.dianping.com/search/category/255/10/ HTTP/1.1" 301 0
Thu, 14 Dec 2017 17:32:33 connectionpool.py[line:396] DEBUG http://proxy.abuyun.com:9010 "GET http://www.dianping.com/search/category/255/10 HTTP/1.1" 200 None
Thu, 14 Dec 2017 17:32:33 dianping_items.py[line:205] DEBUG 请求成功, url: http://www.dianping.com/search/category/255/10, params: 
Thu, 14 Dec 2017 17:32:34 connectionpool.py[line:396] DEBUG http://proxy.abuyun.com:9010 "GET http://www.dianping.com/search/category/255/10/ HTTP/1.1" 301 0
Thu, 14 Dec 2017 17:32:34 connectionpool.py[line:396] DEBUG http://proxy.abuyun.com:9010 "GET http://www.dianping.com/search/category/255/10 HTTP/1.1" 200 None
Thu, 14 Dec 2017 17:32:34 dianping_items.py[line:205] DEBUG 请求成功, url: http://www.dianping.com/search/category/255/10, params: 
Thu, 14 Dec 2017 17:32:35 connectionpool.py[line:396] DEBUG http://proxy.abuyun.com:9010 "GET http://www.dianping.com/search/category/255/10/ HTTP/1.1" 301 0
Thu, 14 Dec 2017 17:32:36 connectionpool.py[line:396] DEBUG http://proxy.abuyun.com:9010 "GET http://www.dianping.com/search/category/255/10 HTTP/1.1" 200 None
Thu, 14 Dec 2017 17:32:36 dianping_items.py[line:205] DEBUG 请求成功, url: http://www.dianping.com/search/category/255/10, params: 
Thu, 14 Dec 2017 17:32:36 connectionpool.py[line:396] DEBUG http://proxy.abuyun.com:9010 "GET http://www.dianping.com/search/category/255/10/ HTTP/1.1" 301 0
Thu, 14 Dec 2017 17:32:37 connectionpool.py[line:396] DEBUG http://proxy.abuyun.com:9010 "GET http://www.dianping.com/search/category/255/10 HTTP/1.1" 200 None
Thu, 14 Dec 2017 17:32:37 dianping_items.py[line:205] DEBUG 请求成功, url: http://www.dianping.com/search/category/255/10, params: 
Thu, 14 Dec 2017 17:32:38 connectionpool.py[line:396] DEBUG http://proxy.abuyun.com:9010 "GET http://www.dianping.com/search/category/255/10/ HTTP/1.1" 301 0
Thu, 14 Dec 2017 17:32:39 connectionpool.py[line:396] DEBUG http://proxy.abuyun.com:9010 "GET http://www.dianping.com/search/category/255/10 HTTP/1.1" 200 None
Thu, 14 Dec 2017 17:32:39 dianping_items.py[line:205] DEBUG 请求成功, url: http://www.dianping.com/search/category/255/10, params: 
Thu, 14 Dec 2017 17:32:39 connectionpool.py[line:396] DEBUG http://proxy.abuyun.com:9010 "GET http://www.dianping.com/search/category/255/10/ HTTP/1.1" 301 0
Thu, 14 Dec 2017 17:32:40 connectionpool.py[line:396] DEBUG http://proxy.abuyun.com:9010 "GET http://www.dianping.com/search/category/255/10 HTTP/1.1" 200 None
Thu, 14 Dec 2017 17:32:40 dianping_items.py[line:205] DEBUG 请求成功, url: http://www.dianping.com/search/category/255/10, params: 
Thu, 14 Dec 2017 17:32:40 connectionpool.py[line:396] DEBUG http://proxy.abuyun.com:9010 "GET http://www.dianping.com/search/category/255/10/ HTTP/1.1" 301 0
Thu, 14 Dec 2017 17:32:41 connectionpool.py[line:396] DEBUG http://proxy.abuyun.com:9010 "GET http://www.dianping.com/search/category/255/10 HTTP/1.1" 200 None
Thu, 14 Dec 2017 17:32:41 dianping_items.py[line:205] DEBUG 请求成功, url: http://www.dianping.com/search/category/255/10, params: 
Thu, 14 Dec 2017 17:32:41 connectionpool.py[line:396] DEBUG http://proxy.abuyun.com:9010 "GET http://www.dianping.com/search/category/255/10/ HTTP/1.1" 301 0
Thu, 14 Dec 2017 17:32:42 connectionpool.py[line:396] DEBUG http://proxy.abuyun.com:9010 "GET http://www.dianping.com/search/category/255/10 HTTP/1.1" 200 None
Thu, 14 Dec 2017 17:32:42 dianping_items.py[line:205] DEBUG 请求成功, url: http://www.dianping.com/search/category/255/10, params: 
Thu, 14 Dec 2017 17:32:43 connectionpool.py[line:396] DEBUG http://proxy.abuyun.com:9010 "GET http://www.dianping.com/search/category/253/10/ HTTP/1.1" 301 0
Thu, 14 Dec 2017 17:32:43 connectionpool.py[line:396] DEBUG http://proxy.abuyun.com:9010 "GET http://www.dianping.com/search/category/253/10 HTTP/1.1" 200 None
Thu, 14 Dec 2017 17:32:43 dianping_items.py[line:205] DEBUG 请求成功, url: http://www.dianping.com/search/category/253/10, params: 
Thu, 14 Dec 2017 17:32:44 connectionpool.py[line:396] DEBUG http://proxy.abuyun.com:9010 "GET http://www.dianping.com/search/category/253/10/ HTTP/1.1" 301 0
Thu, 14 Dec 2017 17:32:44 connectionpool.py[line:396] DEBUG http://proxy.abuyun.com:9010 "GET http://www.dianping.com/search/category/253/10 HTTP/1.1" 200 None
Thu, 14 Dec 2017 17:32:45 dianping_items.py[line:205] DEBUG 请求成功, url: http://www.dianping.com/search/category/253/10, params: 
Thu, 14 Dec 2017 17:32:45 connectionpool.py[line:396] DEBUG http://proxy.abuyun.com:9010 "GET http://www.dianping.com/search/category/253/10/ HTTP/1.1" 301 0
Thu, 14 Dec 2017 17:32:46 connectionpool.py[line:396] DEBUG http://proxy.abuyun.com:9010 "GET http://www.dianping.com/search/category/253/10 HTTP/1.1" 200 None
Thu, 14 Dec 2017 17:32:46 dianping_items.py[line:205] DEBUG 请求成功, url: http://www.dianping.com/search/category/253/10, params: 
Thu, 14 Dec 2017 17:32:46 connectionpool.py[line:396] DEBUG http://proxy.abuyun.com:9010 "GET http://www.dianping.com/search/category/253/10/ HTTP/1.1" 301 0
Thu, 14 Dec 2017 17:32:47 connectionpool.py[line:396] DEBUG http://proxy.abuyun.com:9010 "GET http://www.dianping.com/search/category/253/10 HTTP/1.1" 200 None
Thu, 14 Dec 2017 17:32:47 dianping_items.py[line:205] DEBUG 请求成功, url: http://www.dianping.com/search/category/253/10, params: 
Thu, 14 Dec 2017 17:32:47 connectionpool.py[line:396] DEBUG http://proxy.abuyun.com:9010 "GET http://www.dianping.com/search/category/8/10/ HTTP/1.1" 301 0
Thu, 14 Dec 2017 17:32:49 connectionpool.py[line:396] DEBUG http://proxy.abuyun.com:9010 "GET http://www.dianping.com/search/category/8/10 HTTP/1.1" 200 None
Thu, 14 Dec 2017 17:32:49 dianping_items.py[line:205] DEBUG 请求成功, url: http://www.dianping.com/search/category/8/10, params: 
Thu, 14 Dec 2017 17:32:50 connectionpool.py[line:396] DEBUG http://proxy.abuyun.com:9010 "GET http://www.dianping.com/search/category/8/10/ HTTP/1.1" 301 0
Thu, 14 Dec 2017 17:32:51 connectionpool.py[line:396] DEBUG http://proxy.abuyun.com:9010 "GET http://www.dianping.com/search/category/8/10 HTTP/1.1" 200 None
Thu, 14 Dec 2017 17:32:51 dianping_items.py[line:205] DEBUG 请求成功, url: http://www.dianping.com/search/category/8/10, params: 
Thu, 14 Dec 2017 17:32:52 connectionpool.py[line:396] DEBUG http://proxy.abuyun.com:9010 "GET http://www.dianping.com/search/category/8/10/ HTTP/1.1" 301 0
Thu, 14 Dec 2017 17:32:53 connectionpool.py[line:396] DEBUG http://proxy.abuyun.com:9010 "GET http://www.dianping.com/search/category/8/10 HTTP/1.1" 200 None
Thu, 14 Dec 2017 17:32:53 dianping_items.py[line:205] DEBUG 请求成功, url: http://www.dianping.com/search/category/8/10, params: 
Thu, 14 Dec 2017 17:32:54 connectionpool.py[line:396] DEBUG http://proxy.abuyun.com:9010 "GET http://www.dianping.com/search/category/8/10/ HTTP/1.1" 301 0
Thu, 14 Dec 2017 17:32:55 connectionpool.py[line:396] DEBUG http://proxy.abuyun.com:9010 "GET http://www.dianping.com/search/category/8/10 HTTP/1.1" 200 None
Thu, 14 Dec 2017 17:32:56 dianping_items.py[line:205] DEBUG 请求成功, url: http://www.dianping.com/search/category/8/10, params: 
Thu, 14 Dec 2017 17:32:56 connectionpool.py[line:396] DEBUG http://proxy.abuyun.com:9010 "GET http://www.dianping.com/search/category/8/10/ HTTP/1.1" 301 0
Thu, 14 Dec 2017 17:32:57 connectionpool.py[line:396] DEBUG http://proxy.abuyun.com:9010 "GET http://www.dianping.com/search/category/8/10 HTTP/1.1" 200 None
Thu, 14 Dec 2017 17:32:58 dianping_items.py[line:205] DEBUG 请求成功, url: http://www.dianping.com/search/category/8/10, params: 
Thu, 14 Dec 2017 17:32:58 connectionpool.py[line:396] DEBUG http://proxy.abuyun.com:9010 "GET http://www.dianping.com/search/category/8/10/ HTTP/1.1" 301 0
Thu, 14 Dec 2017 17:32:59 connectionpool.py[line:396] DEBUG http://proxy.abuyun.com:9010 "GET http://www.dianping.com/search/category/8/10 HTTP/1.1" 200 None
Thu, 14 Dec 2017 17:33:00 dianping_items.py[line:205] DEBUG 请求成功, url: http://www.dianping.com/search/category/8/10, params: 
Thu, 14 Dec 2017 17:33:00 connectionpool.py[line:396] DEBUG http://proxy.abuyun.com:9010 "GET http://www.dianping.com/search/category/8/10/ HTTP/1.1" 301 0
Thu, 14 Dec 2017 17:33:01 connectionpool.py[line:396] DEBUG http://proxy.abuyun.com:9010 "GET http://www.dianping.com/search/category/8/10 HTTP/1.1" 200 None
Thu, 14 Dec 2017 17:33:01 dianping_items.py[line:205] DEBUG 请求成功, url: http://www.dianping.com/search/category/8/10, params: 
Thu, 14 Dec 2017 17:33:01 connectionpool.py[line:396] DEBUG http://proxy.abuyun.com:9010 "GET http://www.dianping.com/search/category/8/10/ HTTP/1.1" 301 0
Thu, 14 Dec 2017 17:33:03 connectionpool.py[line:396] DEBUG http://proxy.abuyun.com:9010 "GET http://www.dianping.com/search/category/8/10 HTTP/1.1" 200 None
Thu, 14 Dec 2017 17:33:03 dianping_items.py[line:205] DEBUG 请求成功, url: http://www.dianping.com/search/category/8/10, params: 
Thu, 14 Dec 2017 17:33:03 connectionpool.py[line:396] DEBUG http://proxy.abuyun.com:9010 "GET http://www.dianping.com/search/category/8/10/ HTTP/1.1" 301 0
Thu, 14 Dec 2017 17:33:05 connectionpool.py[line:396] DEBUG http://proxy.abuyun.com:9010 "GET http://www.dianping.com/search/category/8/10 HTTP/1.1" 200 None
Thu, 14 Dec 2017 17:33:05 dianping_items.py[line:205] DEBUG 请求成功, url: http://www.dianping.com/search/category/8/10, params: 
Thu, 14 Dec 2017 17:33:06 connectionpool.py[line:396] DEBUG http://proxy.abuyun.com:9010 "GET http://www.dianping.com/search/category/8/10/ HTTP/1.1" 301 0
Thu, 14 Dec 2017 17:33:07 connectionpool.py[line:396] DEBUG http://proxy.abuyun.com:9010 "GET http://www.dianping.com/search/category/8/10 HTTP/1.1" 200 None
Thu, 14 Dec 2017 17:33:08 dianping_items.py[line:205] DEBUG 请求成功, url: http://www.dianping.com/search/category/8/10, params: 
Thu, 14 Dec 2017 17:33:08 connectionpool.py[line:396] DEBUG http://proxy.abuyun.com:9010 "GET http://www.dianping.com/search/category/8/10/ HTTP/1.1" 301 0
Thu, 14 Dec 2017 17:33:09 connectionpool.py[line:396] DEBUG http://proxy.abuyun.com:9010 "GET http://www.dianping.com/search/category/8/10 HTTP/1.1" 200 None
Thu, 14 Dec 2017 17:33:10 dianping_items.py[line:205] DEBUG 请求成功, url: http://www.dianping.com/search/category/8/10, params: 
Thu, 14 Dec 2017 17:33:10 connectionpool.py[line:396] DEBUG http://proxy.abuyun.com:9010 "GET http://www.dianping.com/search/category/8/10/ HTTP/1.1" 301 0
Thu, 14 Dec 2017 17:33:12 connectionpool.py[line:396] DEBUG http://proxy.abuyun.com:9010 "GET http://www.dianping.com/search/category/8/10 HTTP/1.1" 200 None
Thu, 14 Dec 2017 17:33:12 dianping_items.py[line:205] DEBUG 请求成功, url: http://www.dianping.com/search/category/8/10, params: 
Thu, 14 Dec 2017 17:33:12 connectionpool.py[line:396] DEBUG http://proxy.abuyun.com:9010 "GET http://www.dianping.com/search/category/8/10/ HTTP/1.1" 301 0
Thu, 14 Dec 2017 17:33:12 connectionpool.py[line:396] DEBUG http://proxy.abuyun.com:9010 "GET http://www.dianping.com/search/category/8/10 HTTP/1.1" 403 0
Thu, 14 Dec 2017 17:33:12 connectionpool.py[line:243] DEBUG Resetting dropped connection: proxy.abuyun.com
Thu, 14 Dec 2017 17:33:13 connectionpool.py[line:396] DEBUG http://proxy.abuyun.com:9010 "GET http://www.dianping.com/search/category/8/10/ HTTP/1.1" 301 0
Thu, 14 Dec 2017 17:33:14 connectionpool.py[line:396] DEBUG http://proxy.abuyun.com:9010 "GET http://www.dianping.com/search/category/8/10 HTTP/1.1" 200 None
Thu, 14 Dec 2017 17:33:16 dianping_items.py[line:205] DEBUG 请求成功, url: http://www.dianping.com/search/category/8/10, params: 
Thu, 14 Dec 2017 17:33:16 connectionpool.py[line:396] DEBUG http://proxy.abuyun.com:9010 "GET http://www.dianping.com/search/category/8/10/ HTTP/1.1" 301 0
Thu, 14 Dec 2017 17:33:17 connectionpool.py[line:396] DEBUG http://proxy.abuyun.com:9010 "GET http://www.dianping.com/search/category/8/10 HTTP/1.1" 200 None
Thu, 14 Dec 2017 17:33:17 dianping_items.py[line:205] DEBUG 请求成功, url: http://www.dianping.com/search/category/8/10, params: 
Thu, 14 Dec 2017 17:33:17 connectionpool.py[line:396] DEBUG http://proxy.abuyun.com:9010 "GET http://www.dianping.com/search/category/8/10/ HTTP/1.1" 301 0
Thu, 14 Dec 2017 17:33:19 connectionpool.py[line:396] DEBUG http://proxy.abuyun.com:9010 "GET http://www.dianping.com/search/category/8/10 HTTP/1.1" 200 None
Thu, 14 Dec 2017 17:33:19 dianping_items.py[line:205] DEBUG 请求成功, url: http://www.dianping.com/search/category/8/10, params: 
Thu, 14 Dec 2017 17:33:19 connectionpool.py[line:396] DEBUG http://proxy.abuyun.com:9010 "GET http://www.dianping.com/search/category/8/10/ HTTP/1.1" 301 0
Thu, 14 Dec 2017 17:33:21 connectionpool.py[line:396] DEBUG http://proxy.abuyun.com:9010 "GET http://www.dianping.com/search/category/8/10 HTTP/1.1" 200 None
Thu, 14 Dec 2017 17:33:22 dianping_items.py[line:205] DEBUG 请求成功, url: http://www.dianping.com/search/category/8/10, params: 
Thu, 14 Dec 2017 17:33:22 connectionpool.py[line:396] DEBUG http://proxy.abuyun.com:9010 "GET http://www.dianping.com/search/category/8/10/ HTTP/1.1" 301 0
Thu, 14 Dec 2017 17:33:24 connectionpool.py[line:396] DEBUG http://proxy.abuyun.com:9010 "GET http://www.dianping.com/search/category/8/10 HTTP/1.1" 200 None
Thu, 14 Dec 2017 17:33:24 dianping_items.py[line:205] DEBUG 请求成功, url: http://www.dianping.com/search/category/8/10, params: 
Thu, 14 Dec 2017 17:33:28 connectionpool.py[line:396] DEBUG http://proxy.abuyun.com:9010 "GET http://www.dianping.com/search/category/8/10/ HTTP/1.1" 301 0
Thu, 14 Dec 2017 17:33:29 connectionpool.py[line:396] DEBUG http://proxy.abuyun.com:9010 "GET http://www.dianping.com/search/category/8/10 HTTP/1.1" 200 None
Thu, 14 Dec 2017 17:33:29 dianping_items.py[line:205] DEBUG 请求成功, url: http://www.dianping.com/search/category/8/10, params: 
Thu, 14 Dec 2017 17:33:30 connectionpool.py[line:396] DEBUG http://proxy.abuyun.com:9010 "GET http://www.dianping.com/search/category/8/10/ HTTP/1.1" 301 0
Thu, 14 Dec 2017 17:33:32 connectionpool.py[line:396] DEBUG http://proxy.abuyun.com:9010 "GET http://www.dianping.com/search/category/8/10 HTTP/1.1" 200 None
Thu, 14 Dec 2017 17:33:35 dianping_items.py[line:205] DEBUG 请求成功, url: http://www.dianping.com/search/category/8/10, params: 
Thu, 14 Dec 2017 17:33:38 connectionpool.py[line:396] DEBUG http://proxy.abuyun.com:9010 "GET http://www.dianping.com/search/category/251/10/ HTTP/1.1" 301 0
Thu, 14 Dec 2017 17:33:39 connectionpool.py[line:396] DEBUG http://proxy.abuyun.com:9010 "GET http://www.dianping.com/search/category/251/10 HTTP/1.1" 200 None
Thu, 14 Dec 2017 17:33:39 dianping_items.py[line:205] DEBUG 请求成功, url: http://www.dianping.com/search/category/251/10, params: 
Thu, 14 Dec 2017 17:33:40 connectionpool.py[line:396] DEBUG http://proxy.abuyun.com:9010 "GET http://www.dianping.com/search/category/251/10/ HTTP/1.1" 301 0
Thu, 14 Dec 2017 17:33:41 connectionpool.py[line:396] DEBUG http://proxy.abuyun.com:9010 "GET http://www.dianping.com/search/category/251/10 HTTP/1.1" 200 None
Thu, 14 Dec 2017 17:33:46 dianping_items.py[line:205] DEBUG 请求成功, url: http://www.dianping.com/search/category/251/10, params: 
Thu, 14 Dec 2017 17:33:46 connectionpool.py[line:396] DEBUG http://proxy.abuyun.com:9010 "GET http://www.dianping.com/search/category/251/10/ HTTP/1.1" 301 0
Thu, 14 Dec 2017 17:33:47 connectionpool.py[line:396] DEBUG http://proxy.abuyun.com:9010 "GET http://www.dianping.com/search/category/251/10 HTTP/1.1" 200 None
Thu, 14 Dec 2017 17:33:47 dianping_items.py[line:205] DEBUG 请求成功, url: http://www.dianping.com/search/category/251/10, params: 
Thu, 14 Dec 2017 17:33:47 connectionpool.py[line:396] DEBUG http://proxy.abuyun.com:9010 "GET http://www.dianping.com/search/category/251/10/ HTTP/1.1" 301 0
Thu, 14 Dec 2017 17:33:48 connectionpool.py[line:396] DEBUG http://proxy.abuyun.com:9010 "GET http://www.dianping.com/search/category/251/10 HTTP/1.1" 200 None
Thu, 14 Dec 2017 17:33:48 dianping_items.py[line:205] DEBUG 请求成功, url: http://www.dianping.com/search/category/251/10, params: 
Thu, 14 Dec 2017 17:33:52 connectionpool.py[line:396] DEBUG http://proxy.abuyun.com:9010 "GET http://www.dianping.com/search/category/251/10/ HTTP/1.1" 301 0
Thu, 14 Dec 2017 17:33:53 connectionpool.py[line:396] DEBUG http://proxy.abuyun.com:9010 "GET http://www.dianping.com/search/category/251/10 HTTP/1.1" 200 None
Thu, 14 Dec 2017 17:33:53 dianping_items.py[line:205] DEBUG 请求成功, url: http://www.dianping.com/search/category/251/10, params: 
Thu, 14 Dec 2017 17:33:53 connectionpool.py[line:396] DEBUG http://proxy.abuyun.com:9010 "GET http://www.dianping.com/search/category/251/10/ HTTP/1.1" 301 0
Thu, 14 Dec 2017 17:33:54 connectionpool.py[line:396] DEBUG http://proxy.abuyun.com:9010 "GET http://www.dianping.com/search/category/251/10 HTTP/1.1" 200 None
Thu, 14 Dec 2017 17:33:55 dianping_items.py[line:205] DEBUG 请求成功, url: http://www.dianping.com/search/category/251/10, params: 
Thu, 14 Dec 2017 17:33:55 connectionpool.py[line:396] DEBUG http://proxy.abuyun.com:9010 "GET http://www.dianping.com/search/category/251/10/ HTTP/1.1" 301 0
Thu, 14 Dec 2017 17:33:56 connectionpool.py[line:396] DEBUG http://proxy.abuyun.com:9010 "GET http://www.dianping.com/search/category/251/10 HTTP/1.1" 200 None
Thu, 14 Dec 2017 17:33:56 dianping_items.py[line:205] DEBUG 请求成功, url: http://www.dianping.com/search/category/251/10, params: 
Thu, 14 Dec 2017 17:33:57 connectionpool.py[line:396] DEBUG http://proxy.abuyun.com:9010 "GET http://www.dianping.com/search/category/241/10/ HTTP/1.1" 301 0
Thu, 14 Dec 2017 17:33:57 connectionpool.py[line:396] DEBUG http://proxy.abuyun.com:9010 "GET http://www.dianping.com/search/category/241/10 HTTP/1.1" 200 None
Thu, 14 Dec 2017 17:33:58 dianping_items.py[line:205] DEBUG 请求成功, url: http://www.dianping.com/search/category/241/10, params: 
Thu, 14 Dec 2017 17:33:58 connectionpool.py[line:396] DEBUG http://proxy.abuyun.com:9010 "GET http://www.dianping.com/search/category/241/10/ HTTP/1.1" 301 0
Thu, 14 Dec 2017 17:33:59 connectionpool.py[line:396] DEBUG http://proxy.abuyun.com:9010 "GET http://www.dianping.com/search/category/241/10 HTTP/1.1" 200 None
Thu, 14 Dec 2017 17:33:59 dianping_items.py[line:205] DEBUG 请求成功, url: http://www.dianping.com/search/category/241/10, params: 
Thu, 14 Dec 2017 17:33:59 connectionpool.py[line:396] DEBUG http://proxy.abuyun.com:9010 "GET http://www.dianping.com/search/category/241/10/ HTTP/1.1" 301 0
Thu, 14 Dec 2017 17:34:01 connectionpool.py[line:396] DEBUG http://proxy.abuyun.com:9010 "GET http://www.dianping.com/search/category/241/10 HTTP/1.1" 200 None
Thu, 14 Dec 2017 17:34:01 dianping_items.py[line:205] DEBUG 请求成功, url: http://www.dianping.com/search/category/241/10, params: 
Thu, 14 Dec 2017 17:34:01 connectionpool.py[line:396] DEBUG http://proxy.abuyun.com:9010 "GET http://www.dianping.com/search/category/241/10/ HTTP/1.1" 301 0
Thu, 14 Dec 2017 17:34:02 connectionpool.py[line:396] DEBUG http://proxy.abuyun.com:9010 "GET http://www.dianping.com/search/category/241/10 HTTP/1.1" 200 None
Thu, 14 Dec 2017 17:34:02 dianping_items.py[line:205] DEBUG 请求成功, url: http://www.dianping.com/search/category/241/10, params: 
Thu, 14 Dec 2017 17:34:02 connectionpool.py[line:396] DEBUG http://proxy.abuyun.com:9010 "GET http://www.dianping.com/search/category/241/10/ HTTP/1.1" 301 0
Thu, 14 Dec 2017 17:34:03 connectionpool.py[line:396] DEBUG http://proxy.abuyun.com:9010 "GET http://www.dianping.com/search/category/241/10 HTTP/1.1" 200 None
Thu, 14 Dec 2017 17:34:06 dianping_items.py[line:205] DEBUG 请求成功, url: http://www.dianping.com/search/category/241/10, params: 
Thu, 14 Dec 2017 17:34:06 connectionpool.py[line:396] DEBUG http://proxy.abuyun.com:9010 "GET http://www.dianping.com/search/category/241/10/ HTTP/1.1" 301 0
Thu, 14 Dec 2017 17:34:07 connectionpool.py[line:396] DEBUG http://proxy.abuyun.com:9010 "GET http://www.dianping.com/search/category/241/10 HTTP/1.1" 200 None
Thu, 14 Dec 2017 17:34:08 dianping_items.py[line:205] DEBUG 请求成功, url: http://www.dianping.com/search/category/241/10, params: 
Thu, 14 Dec 2017 17:34:08 connectionpool.py[line:396] DEBUG http://proxy.abuyun.com:9010 "GET http://www.dianping.com/search/category/250/10/ HTTP/1.1" 301 0
Thu, 14 Dec 2017 17:34:09 connectionpool.py[line:396] DEBUG http://proxy.abuyun.com:9010 "GET http://www.dianping.com/search/category/250/10 HTTP/1.1" 200 None
Thu, 14 Dec 2017 17:34:09 dianping_items.py[line:205] DEBUG 请求成功, url: http://www.dianping.com/search/category/250/10, params: 
Thu, 14 Dec 2017 17:34:10 connectionpool.py[line:396] DEBUG http://proxy.abuyun.com:9010 "GET http://www.dianping.com/search/category/250/10/ HTTP/1.1" 503 364
Thu, 14 Dec 2017 17:34:10 connectionpool.py[line:243] DEBUG Resetting dropped connection: proxy.abuyun.com
Thu, 14 Dec 2017 17:34:10 connectionpool.py[line:396] DEBUG http://proxy.abuyun.com:9010 "GET http://www.dianping.com/search/category/250/10/ HTTP/1.1" 503 364
Thu, 14 Dec 2017 17:34:10 connectionpool.py[line:243] DEBUG Resetting dropped connection: proxy.abuyun.com
Thu, 14 Dec 2017 17:34:10 connectionpool.py[line:396] DEBUG http://proxy.abuyun.com:9010 "GET http://www.dianping.com/search/category/250/10/ HTTP/1.1" 503 364
Thu, 14 Dec 2017 17:34:10 connectionpool.py[line:243] DEBUG Resetting dropped connection: proxy.abuyun.com
Thu, 14 Dec 2017 17:34:10 connectionpool.py[line:396] DEBUG http://proxy.abuyun.com:9010 "GET http://www.dianping.com/search/category/250/10/ HTTP/1.1" 503 364
Thu, 14 Dec 2017 17:34:10 connectionpool.py[line:243] DEBUG Resetting dropped connection: proxy.abuyun.com
Thu, 14 Dec 2017 17:34:10 connectionpool.py[line:396] DEBUG http://proxy.abuyun.com:9010 "GET http://www.dianping.com/search/category/250/10/ HTTP/1.1" 503 364
Thu, 14 Dec 2017 17:34:10 connectionpool.py[line:243] DEBUG Resetting dropped connection: proxy.abuyun.com
Thu, 14 Dec 2017 17:34:10 connectionpool.py[line:396] DEBUG http://proxy.abuyun.com:9010 "GET http://www.dianping.com/search/category/250/10/ HTTP/1.1" 503 364
Thu, 14 Dec 2017 17:34:11 connectionpool.py[line:243] DEBUG Resetting dropped connection: proxy.abuyun.com
Thu, 14 Dec 2017 17:34:11 connectionpool.py[line:396] DEBUG http://proxy.abuyun.com:9010 "GET http://www.dianping.com/search/category/250/10/ HTTP/1.1" 301 0
Thu, 14 Dec 2017 17:34:13 connectionpool.py[line:396] DEBUG http://proxy.abuyun.com:9010 "GET http://www.dianping.com/search/category/250/10 HTTP/1.1" 200 None
Thu, 14 Dec 2017 17:34:13 dianping_items.py[line:205] DEBUG 请求成功, url: http://www.dianping.com/search/category/250/10, params: 
Thu, 14 Dec 2017 17:34:13 connectionpool.py[line:396] DEBUG http://proxy.abuyun.com:9010 "GET http://www.dianping.com/search/category/250/10/ HTTP/1.1" 301 0
Thu, 14 Dec 2017 17:34:14 connectionpool.py[line:396] DEBUG http://proxy.abuyun.com:9010 "GET http://www.dianping.com/search/category/250/10 HTTP/1.1" 200 None
Thu, 14 Dec 2017 17:34:14 dianping_items.py[line:205] DEBUG 请求成功, url: http://www.dianping.com/search/category/250/10, params: 
Thu, 14 Dec 2017 17:34:14 connectionpool.py[line:396] DEBUG http://proxy.abuyun.com:9010 "GET http://www.dianping.com/search/category/250/10/ HTTP/1.1" 301 0
Thu, 14 Dec 2017 17:34:16 connectionpool.py[line:396] DEBUG http://proxy.abuyun.com:9010 "GET http://www.dianping.com/search/category/250/10 HTTP/1.1" 200 None
Thu, 14 Dec 2017 17:34:16 dianping_items.py[line:205] DEBUG 请求成功, url: http://www.dianping.com/search/category/250/10, params: 
Thu, 14 Dec 2017 17:34:16 connectionpool.py[line:396] DEBUG http://proxy.abuyun.com:9010 "GET http://www.dianping.com/search/category/250/10/ HTTP/1.1" 301 0
Thu, 14 Dec 2017 17:34:17 connectionpool.py[line:396] DEBUG http://proxy.abuyun.com:9010 "GET http://www.dianping.com/search/category/250/10 HTTP/1.1" 200 None
Thu, 14 Dec 2017 17:34:18 dianping_items.py[line:205] DEBUG 请求成功, url: http://www.dianping.com/search/category/250/10, params: 
Thu, 14 Dec 2017 17:34:18 connectionpool.py[line:396] DEBUG http://proxy.abuyun.com:9010 "GET http://www.dianping.com/search/category/243/10/ HTTP/1.1" 301 0
Thu, 14 Dec 2017 17:34:19 connectionpool.py[line:396] DEBUG http://proxy.abuyun.com:9010 "GET http://www.dianping.com/search/category/243/10 HTTP/1.1" 200 None
Thu, 14 Dec 2017 17:34:19 dianping_items.py[line:205] DEBUG 请求成功, url: http://www.dianping.com/search/category/243/10, params: 
Thu, 14 Dec 2017 17:34:19 connectionpool.py[line:396] DEBUG http://proxy.abuyun.com:9010 "GET http://www.dianping.com/search/category/243/10/ HTTP/1.1" 301 0
Thu, 14 Dec 2017 17:34:20 connectionpool.py[line:396] DEBUG http://proxy.abuyun.com:9010 "GET http://www.dianping.com/search/category/243/10 HTTP/1.1" 200 None
Thu, 14 Dec 2017 17:34:20 dianping_items.py[line:205] DEBUG 请求成功, url: http://www.dianping.com/search/category/243/10, params: 
Thu, 14 Dec 2017 17:34:21 connectionpool.py[line:396] DEBUG http://proxy.abuyun.com:9010 "GET http://www.dianping.com/search/category/243/10/ HTTP/1.1" 301 0
Thu, 14 Dec 2017 17:34:51 connectionpool.py[line:208] DEBUG Starting new HTTP connection (2): proxy.abuyun.com
Thu, 14 Dec 2017 17:34:51 connectionpool.py[line:396] DEBUG http://proxy.abuyun.com:9010 "GET http://www.dianping.com/search/category/243/10/ HTTP/1.1" 301 0
Thu, 14 Dec 2017 17:34:55 connectionpool.py[line:396] DEBUG http://proxy.abuyun.com:9010 "GET http://www.dianping.com/search/category/243/10 HTTP/1.1" 200 None
Thu, 14 Dec 2017 17:34:55 dianping_items.py[line:203] WARNING HTTPConnectionPool(host='proxy.abuyun.com', port=9010): Read timed out. (read timeout=30), url: http://www.dianping.com/search/category/243/10, params: 
Thu, 14 Dec 2017 17:34:55 connectionpool.py[line:396] DEBUG http://proxy.abuyun.com:9010 "GET http://www.dianping.com/search/category/243/10/ HTTP/1.1" 301 0
Thu, 14 Dec 2017 17:34:56 connectionpool.py[line:396] DEBUG http://proxy.abuyun.com:9010 "GET http://www.dianping.com/search/category/243/10 HTTP/1.1" 200 None
Thu, 14 Dec 2017 17:34:56 dianping_items.py[line:205] DEBUG 请求成功, url: http://www.dianping.com/search/category/243/10, params: 
Thu, 14 Dec 2017 17:34:57 connectionpool.py[line:396] DEBUG http://proxy.abuyun.com:9010 "GET http://www.dianping.com/search/category/243/10/ HTTP/1.1" 301 0
Thu, 14 Dec 2017 17:34:58 connectionpool.py[line:396] DEBUG http://proxy.abuyun.com:9010 "GET http://www.dianping.com/search/category/243/10 HTTP/1.1" 200 None
Thu, 14 Dec 2017 17:34:58 dianping_items.py[line:205] DEBUG 请求成功, url: http://www.dianping.com/search/category/243/10, params: 
Thu, 14 Dec 2017 17:34:58 connectionpool.py[line:396] DEBUG http://proxy.abuyun.com:9010 "GET http://www.dianping.com/search/category/243/10/ HTTP/1.1" 301 0
Thu, 14 Dec 2017 17:34:59 connectionpool.py[line:396] DEBUG http://proxy.abuyun.com:9010 "GET http://www.dianping.com/search/category/243/10 HTTP/1.1" 200 None
Thu, 14 Dec 2017 17:34:59 dianping_items.py[line:205] DEBUG 请求成功, url: http://www.dianping.com/search/category/243/10, params: 
Thu, 14 Dec 2017 17:35:00 connectionpool.py[line:396] DEBUG http://proxy.abuyun.com:9010 "GET http://www.dianping.com/search/category/243/10/ HTTP/1.1" 301 0
Thu, 14 Dec 2017 17:35:01 connectionpool.py[line:396] DEBUG http://proxy.abuyun.com:9010 "GET http://www.dianping.com/search/category/243/10 HTTP/1.1" 200 None
Thu, 14 Dec 2017 17:35:01 dianping_items.py[line:205] DEBUG 请求成功, url: http://www.dianping.com/search/category/243/10, params: 
Thu, 14 Dec 2017 17:35:05 connectionpool.py[line:396] DEBUG http://proxy.abuyun.com:9010 "GET http://www.dianping.com/search/category/246/10/ HTTP/1.1" 301 0
Thu, 14 Dec 2017 17:35:06 connectionpool.py[line:396] DEBUG http://proxy.abuyun.com:9010 "GET http://www.dianping.com/search/category/246/10 HTTP/1.1" 200 None
Thu, 14 Dec 2017 17:35:07 dianping_items.py[line:205] DEBUG 请求成功, url: http://www.dianping.com/search/category/246/10, params: 
Thu, 14 Dec 2017 17:35:07 connectionpool.py[line:396] DEBUG http://proxy.abuyun.com:9010 "GET http://www.dianping.com/search/category/246/10/ HTTP/1.1" 301 0
Thu, 14 Dec 2017 17:35:08 connectionpool.py[line:396] DEBUG http://proxy.abuyun.com:9010 "GET http://www.dianping.com/search/category/246/10 HTTP/1.1" 200 None
Thu, 14 Dec 2017 17:35:08 dianping_items.py[line:205] DEBUG 请求成功, url: http://www.dianping.com/search/category/246/10, params: 
Thu, 14 Dec 2017 17:35:09 connectionpool.py[line:396] DEBUG http://proxy.abuyun.com:9010 "GET http://www.dianping.com/search/category/246/10/ HTTP/1.1" 301 0
Thu, 14 Dec 2017 17:35:10 connectionpool.py[line:396] DEBUG http://proxy.abuyun.com:9010 "GET http://www.dianping.com/search/category/246/10 HTTP/1.1" 200 None
Thu, 14 Dec 2017 17:35:10 dianping_items.py[line:205] DEBUG 请求成功, url: http://www.dianping.com/search/category/246/10, params: 
Thu, 14 Dec 2017 17:35:10 connectionpool.py[line:396] DEBUG http://proxy.abuyun.com:9010 "GET http://www.dianping.com/search/category/246/10/ HTTP/1.1" 301 0
Thu, 14 Dec 2017 17:35:11 connectionpool.py[line:396] DEBUG http://proxy.abuyun.com:9010 "GET http://www.dianping.com/search/category/246/10 HTTP/1.1" 200 None
Thu, 14 Dec 2017 17:35:13 dianping_items.py[line:205] DEBUG 请求成功, url: http://www.dianping.com/search/category/246/10, params: 
Thu, 14 Dec 2017 17:35:13 connectionpool.py[line:396] DEBUG http://proxy.abuyun.com:9010 "GET http://www.dianping.com/search/category/246/10/ HTTP/1.1" 301 0
Thu, 14 Dec 2017 17:35:14 connectionpool.py[line:396] DEBUG http://proxy.abuyun.com:9010 "GET http://www.dianping.com/search/category/246/10 HTTP/1.1" 200 None
Thu, 14 Dec 2017 17:35:14 dianping_items.py[line:205] DEBUG 请求成功, url: http://www.dianping.com/search/category/246/10, params: 
Thu, 14 Dec 2017 17:35:15 connectionpool.py[line:396] DEBUG http://proxy.abuyun.com:9010 "GET http://www.dianping.com/search/category/246/10/ HTTP/1.1" 301 0
Thu, 14 Dec 2017 17:35:16 connectionpool.py[line:396] DEBUG http://proxy.abuyun.com:9010 "GET http://www.dianping.com/search/category/246/10 HTTP/1.1" 200 None
Thu, 14 Dec 2017 17:35:16 dianping_items.py[line:205] DEBUG 请求成功, url: http://www.dianping.com/search/category/246/10, params: 
Thu, 14 Dec 2017 17:35:16 connectionpool.py[line:396] DEBUG http://proxy.abuyun.com:9010 "GET http://www.dianping.com/search/category/246/10/ HTTP/1.1" 301 0
Thu, 14 Dec 2017 17:35:17 connectionpool.py[line:396] DEBUG http://proxy.abuyun.com:9010 "GET http://www.dianping.com/search/category/246/10 HTTP/1.1" 200 None
Thu, 14 Dec 2017 17:35:17 dianping_items.py[line:205] DEBUG 请求成功, url: http://www.dianping.com/search/category/246/10, params: 
Thu, 14 Dec 2017 17:35:23 connectionpool.py[line:396] DEBUG http://proxy.abuyun.com:9010 "GET http://www.dianping.com/search/category/246/10/ HTTP/1.1" 301 0
Thu, 14 Dec 2017 17:35:24 connectionpool.py[line:396] DEBUG http://proxy.abuyun.com:9010 "GET http://www.dianping.com/search/category/246/10 HTTP/1.1" 200 None
Thu, 14 Dec 2017 17:35:24 dianping_items.py[line:205] DEBUG 请求成功, url: http://www.dianping.com/search/category/246/10, params: 
Thu, 14 Dec 2017 17:35:24 connectionpool.py[line:396] DEBUG http://proxy.abuyun.com:9010 "GET http://www.dianping.com/search/category/246/10/ HTTP/1.1" 301 0
Thu, 14 Dec 2017 17:35:25 connectionpool.py[line:396] DEBUG http://proxy.abuyun.com:9010 "GET http://www.dianping.com/search/category/246/10 HTTP/1.1" 200 None
Thu, 14 Dec 2017 17:35:25 dianping_items.py[line:205] DEBUG 请求成功, url: http://www.dianping.com/search/category/246/10, params: 
Thu, 14 Dec 2017 17:35:26 connectionpool.py[line:396] DEBUG http://proxy.abuyun.com:9010 "GET http://www.dianping.com/search/category/246/10/ HTTP/1.1" 301 0
Thu, 14 Dec 2017 17:35:27 connectionpool.py[line:396] DEBUG http://proxy.abuyun.com:9010 "GET http://www.dianping.com/search/category/246/10 HTTP/1.1" 200 None
Thu, 14 Dec 2017 17:35:27 dianping_items.py[line:205] DEBUG 请求成功, url: http://www.dianping.com/search/category/246/10, params: 
Thu, 14 Dec 2017 17:35:27 connectionpool.py[line:396] DEBUG http://proxy.abuyun.com:9010 "GET http://www.dianping.com/search/category/246/10/ HTTP/1.1" 301 0
Thu, 14 Dec 2017 17:35:28 connectionpool.py[line:396] DEBUG http://proxy.abuyun.com:9010 "GET http://www.dianping.com/search/category/246/10 HTTP/1.1" 200 None
Thu, 14 Dec 2017 17:35:28 dianping_items.py[line:205] DEBUG 请求成功, url: http://www.dianping.com/search/category/246/10, params: 
Thu, 14 Dec 2017 17:35:38 connectionpool.py[line:396] DEBUG http://proxy.abuyun.com:9010 "GET http://www.dianping.com/search/category/257/10/ HTTP/1.1" 301 0
Thu, 14 Dec 2017 17:35:38 connectionpool.py[line:396] DEBUG http://proxy.abuyun.com:9010 "GET http://www.dianping.com/search/category/257/10 HTTP/1.1" 200 None
Thu, 14 Dec 2017 17:35:39 dianping_items.py[line:205] DEBUG 请求成功, url: http://www.dianping.com/search/category/257/10, params: 
Thu, 14 Dec 2017 17:35:39 connectionpool.py[line:396] DEBUG http://proxy.abuyun.com:9010 "GET http://www.dianping.com/search/category/257/10/ HTTP/1.1" 403 0
Thu, 14 Dec 2017 17:35:39 connectionpool.py[line:243] DEBUG Resetting dropped connection: proxy.abuyun.com
Thu, 14 Dec 2017 17:35:39 connectionpool.py[line:396] DEBUG http://proxy.abuyun.com:9010 "GET http://www.dianping.com/search/category/257/10/ HTTP/1.1" 301 0
Thu, 14 Dec 2017 17:35:40 connectionpool.py[line:396] DEBUG http://proxy.abuyun.com:9010 "GET http://www.dianping.com/search/category/257/10 HTTP/1.1" 200 None
Thu, 14 Dec 2017 17:35:40 dianping_items.py[line:205] DEBUG 请求成功, url: http://www.dianping.com/search/category/257/10, params: 
Thu, 14 Dec 2017 17:35:40 connectionpool.py[line:396] DEBUG http://proxy.abuyun.com:9010 "GET http://www.dianping.com/search/category/257/10/ HTTP/1.1" 301 0
Thu, 14 Dec 2017 17:35:44 connectionpool.py[line:396] DEBUG http://proxy.abuyun.com:9010 "GET http://www.dianping.com/search/category/257/10 HTTP/1.1" 200 None
Thu, 14 Dec 2017 17:35:44 dianping_items.py[line:205] DEBUG 请求成功, url: http://www.dianping.com/search/category/257/10, params: 
Thu, 14 Dec 2017 17:35:44 connectionpool.py[line:396] DEBUG http://proxy.abuyun.com:9010 "GET http://www.dianping.com/search/category/257/10/ HTTP/1.1" 301 0
Thu, 14 Dec 2017 17:35:45 connectionpool.py[line:396] DEBUG http://proxy.abuyun.com:9010 "GET http://www.dianping.com/search/category/257/10 HTTP/1.1" 200 None
Thu, 14 Dec 2017 17:35:45 dianping_items.py[line:205] DEBUG 请求成功, url: http://www.dianping.com/search/category/257/10, params: 
Thu, 14 Dec 2017 17:35:45 connectionpool.py[line:396] DEBUG http://proxy.abuyun.com:9010 "GET http://www.dianping.com/search/category/257/10/ HTTP/1.1" 301 0
Thu, 14 Dec 2017 17:35:46 connectionpool.py[line:396] DEBUG http://proxy.abuyun.com:9010 "GET http://www.dianping.com/search/category/257/10 HTTP/1.1" 200 None
Thu, 14 Dec 2017 17:35:46 dianping_items.py[line:205] DEBUG 请求成功, url: http://www.dianping.com/search/category/257/10, params: 
Thu, 14 Dec 2017 17:35:46 connectionpool.py[line:396] DEBUG http://proxy.abuyun.com:9010 "GET http://www.dianping.com/search/category/257/10/ HTTP/1.1" 301 0
Thu, 14 Dec 2017 17:35:47 connectionpool.py[line:396] DEBUG http://proxy.abuyun.com:9010 "GET http://www.dianping.com/search/category/257/10 HTTP/1.1" 200 None
Thu, 14 Dec 2017 17:35:47 dianping_items.py[line:205] DEBUG 请求成功, url: http://www.dianping.com/search/category/257/10, params: 
Thu, 14 Dec 2017 17:35:48 connectionpool.py[line:396] DEBUG http://proxy.abuyun.com:9010 "GET http://www.dianping.com/search/category/257/10/ HTTP/1.1" 301 0
Thu, 14 Dec 2017 17:35:49 connectionpool.py[line:396] DEBUG http://proxy.abuyun.com:9010 "GET http://www.dianping.com/search/category/257/10 HTTP/1.1" 200 None
Thu, 14 Dec 2017 17:35:49 dianping_items.py[line:205] DEBUG 请求成功, url: http://www.dianping.com/search/category/257/10, params: 
Thu, 14 Dec 2017 17:35:50 connectionpool.py[line:396] DEBUG http://proxy.abuyun.com:9010 "GET http://www.dianping.com/search/category/257/10/ HTTP/1.1" 301 0
Thu, 14 Dec 2017 17:35:51 connectionpool.py[line:396] DEBUG http://proxy.abuyun.com:9010 "GET http://www.dianping.com/search/category/257/10 HTTP/1.1" 200 None
Thu, 14 Dec 2017 17:35:51 dianping_items.py[line:205] DEBUG 请求成功, url: http://www.dianping.com/search/category/257/10, params: 
Thu, 14 Dec 2017 17:35:52 connectionpool.py[line:396] DEBUG http://proxy.abuyun.com:9010 "GET http://www.dianping.com/search/category/257/10/ HTTP/1.1" 301 0
Thu, 14 Dec 2017 17:35:52 connectionpool.py[line:396] DEBUG http://proxy.abuyun.com:9010 "GET http://www.dianping.com/search/category/257/10 HTTP/1.1" 403 0
Thu, 14 Dec 2017 17:35:52 connectionpool.py[line:243] DEBUG Resetting dropped connection: proxy.abuyun.com
Thu, 14 Dec 2017 17:35:52 connectionpool.py[line:396] DEBUG http://proxy.abuyun.com:9010 "GET http://www.dianping.com/search/category/257/10/ HTTP/1.1" 301 0
Thu, 14 Dec 2017 17:35:53 connectionpool.py[line:396] DEBUG http://proxy.abuyun.com:9010 "GET http://www.dianping.com/search/category/257/10 HTTP/1.1" 200 None
Thu, 14 Dec 2017 17:35:53 dianping_items.py[line:205] DEBUG 请求成功, url: http://www.dianping.com/search/category/257/10, params: 
Thu, 14 Dec 2017 17:35:54 connectionpool.py[line:396] DEBUG http://proxy.abuyun.com:9010 "GET http://www.dianping.com/search/category/257/10/ HTTP/1.1" 301 0
Thu, 14 Dec 2017 17:35:56 connectionpool.py[line:396] DEBUG http://proxy.abuyun.com:9010 "GET http://www.dianping.com/search/category/257/10 HTTP/1.1" 200 None
Thu, 14 Dec 2017 17:35:57 dianping_items.py[line:205] DEBUG 请求成功, url: http://www.dianping.com/search/category/257/10, params: 
Thu, 14 Dec 2017 17:35:57 connectionpool.py[line:396] DEBUG http://proxy.abuyun.com:9010 "GET http://www.dianping.com/search/category/257/10/ HTTP/1.1" 301 0
Thu, 14 Dec 2017 17:35:58 connectionpool.py[line:396] DEBUG http://proxy.abuyun.com:9010 "GET http://www.dianping.com/search/category/257/10 HTTP/1.1" 200 None
Thu, 14 Dec 2017 17:35:59 dianping_items.py[line:205] DEBUG 请求成功, url: http://www.dianping.com/search/category/257/10, params: 
Thu, 14 Dec 2017 17:35:59 connectionpool.py[line:396] DEBUG http://proxy.abuyun.com:9010 "GET http://www.dianping.com/search/category/257/10/ HTTP/1.1" 301 0
Thu, 14 Dec 2017 17:36:00 connectionpool.py[line:396] DEBUG http://proxy.abuyun.com:9010 "GET http://www.dianping.com/search/category/257/10 HTTP/1.1" 200 None
Thu, 14 Dec 2017 17:36:02 dianping_items.py[line:205] DEBUG 请求成功, url: http://www.dianping.com/search/category/257/10, params: 
Thu, 14 Dec 2017 17:36:02 connectionpool.py[line:396] DEBUG http://proxy.abuyun.com:9010 "GET http://www.dianping.com/search/category/257/10/ HTTP/1.1" 301 0
Thu, 14 Dec 2017 17:36:03 connectionpool.py[line:396] DEBUG http://proxy.abuyun.com:9010 "GET http://www.dianping.com/search/category/257/10 HTTP/1.1" 200 None
Thu, 14 Dec 2017 17:36:03 dianping_items.py[line:205] DEBUG 请求成功, url: http://www.dianping.com/search/category/257/10, params: 
Thu, 14 Dec 2017 17:36:03 connectionpool.py[line:396] DEBUG http://proxy.abuyun.com:9010 "GET http://www.dianping.com/search/category/257/10/ HTTP/1.1" 301 0
Thu, 14 Dec 2017 17:36:04 connectionpool.py[line:396] DEBUG http://proxy.abuyun.com:9010 "GET http://www.dianping.com/search/category/257/10 HTTP/1.1" 200 None
Thu, 14 Dec 2017 17:36:04 dianping_items.py[line:205] DEBUG 请求成功, url: http://www.dianping.com/search/category/257/10, params: 
Thu, 14 Dec 2017 17:36:04 connectionpool.py[line:396] DEBUG http://proxy.abuyun.com:9010 "GET http://www.dianping.com/search/category/257/10/ HTTP/1.1" 301 0
Thu, 14 Dec 2017 17:36:05 connectionpool.py[line:396] DEBUG http://proxy.abuyun.com:9010 "GET http://www.dianping.com/search/category/257/10 HTTP/1.1" 200 None
Thu, 14 Dec 2017 17:36:05 dianping_items.py[line:205] DEBUG 请求成功, url: http://www.dianping.com/search/category/257/10, params: 
Thu, 14 Dec 2017 17:36:07 connectionpool.py[line:396] DEBUG http://proxy.abuyun.com:9010 "GET http://www.dianping.com/search/category/257/10/ HTTP/1.1" 301 0
Thu, 14 Dec 2017 17:36:08 connectionpool.py[line:396] DEBUG http://proxy.abuyun.com:9010 "GET http://www.dianping.com/search/category/257/10 HTTP/1.1" 200 None
Thu, 14 Dec 2017 17:36:08 dianping_items.py[line:205] DEBUG 请求成功, url: http://www.dianping.com/search/category/257/10, params: 
Thu, 14 Dec 2017 17:36:08 connectionpool.py[line:396] DEBUG http://proxy.abuyun.com:9010 "GET http://www.dianping.com/search/category/257/10/ HTTP/1.1" 301 0
Thu, 14 Dec 2017 17:36:10 connectionpool.py[line:396] DEBUG http://proxy.abuyun.com:9010 "GET http://www.dianping.com/search/category/257/10 HTTP/1.1" 200 None
Thu, 14 Dec 2017 17:36:10 dianping_items.py[line:205] DEBUG 请求成功, url: http://www.dianping.com/search/category/257/10, params: 
Thu, 14 Dec 2017 17:36:10 connectionpool.py[line:396] DEBUG http://proxy.abuyun.com:9010 "GET http://www.dianping.com/search/category/240/10/ HTTP/1.1" 301 0
Thu, 14 Dec 2017 17:36:11 connectionpool.py[line:396] DEBUG http://proxy.abuyun.com:9010 "GET http://www.dianping.com/search/category/240/10 HTTP/1.1" 200 None
Thu, 14 Dec 2017 17:36:18 dianping_items.py[line:205] DEBUG 请求成功, url: http://www.dianping.com/search/category/240/10, params: 
Thu, 14 Dec 2017 17:36:19 connectionpool.py[line:396] DEBUG http://proxy.abuyun.com:9010 "GET http://www.dianping.com/search/category/240/10/ HTTP/1.1" 301 0
Thu, 14 Dec 2017 17:36:19 connectionpool.py[line:396] DEBUG http://proxy.abuyun.com:9010 "GET http://www.dianping.com/search/category/240/10 HTTP/1.1" 200 None
Thu, 14 Dec 2017 17:36:20 dianping_items.py[line:205] DEBUG 请求成功, url: http://www.dianping.com/search/category/240/10, params: 
Thu, 14 Dec 2017 17:36:20 connectionpool.py[line:396] DEBUG http://proxy.abuyun.com:9010 "GET http://www.dianping.com/search/category/240/10/ HTTP/1.1" 301 0
Thu, 14 Dec 2017 17:36:21 connectionpool.py[line:396] DEBUG http://proxy.abuyun.com:9010 "GET http://www.dianping.com/search/category/240/10 HTTP/1.1" 200 None
Thu, 14 Dec 2017 17:36:21 dianping_items.py[line:205] DEBUG 请求成功, url: http://www.dianping.com/search/category/240/10, params: 
Thu, 14 Dec 2017 17:36:22 connectionpool.py[line:396] DEBUG http://proxy.abuyun.com:9010 "GET http://www.dianping.com/search/category/240/10/ HTTP/1.1" 301 0
Thu, 14 Dec 2017 17:36:23 connectionpool.py[line:396] DEBUG http://proxy.abuyun.com:9010 "GET http://www.dianping.com/search/category/240/10 HTTP/1.1" 200 None
Thu, 14 Dec 2017 17:36:23 dianping_items.py[line:205] DEBUG 请求成功, url: http://www.dianping.com/search/category/240/10, params: 
Thu, 14 Dec 2017 17:36:23 connectionpool.py[line:396] DEBUG http://proxy.abuyun.com:9010 "GET http://www.dianping.com/search/category/240/10/ HTTP/1.1" 301 0
Thu, 14 Dec 2017 17:36:24 connectionpool.py[line:396] DEBUG http://proxy.abuyun.com:9010 "GET http://www.dianping.com/search/category/240/10 HTTP/1.1" 200 None
Thu, 14 Dec 2017 17:36:24 dianping_items.py[line:205] DEBUG 请求成功, url: http://www.dianping.com/search/category/240/10, params: 
Thu, 14 Dec 2017 17:36:25 connectionpool.py[line:396] DEBUG http://proxy.abuyun.com:9010 "GET http://www.dianping.com/search/category/240/10/ HTTP/1.1" 301 0
Thu, 14 Dec 2017 17:36:29 connectionpool.py[line:396] DEBUG http://proxy.abuyun.com:9010 "GET http://www.dianping.com/search/category/240/10 HTTP/1.1" 200 None
Thu, 14 Dec 2017 17:36:29 dianping_items.py[line:205] DEBUG 请求成功, url: http://www.dianping.com/search/category/240/10, params: 
Thu, 14 Dec 2017 17:36:29 connectionpool.py[line:396] DEBUG http://proxy.abuyun.com:9010 "GET http://www.dianping.com/search/category/240/10/ HTTP/1.1" 301 0
Thu, 14 Dec 2017 17:36:30 connectionpool.py[line:396] DEBUG http://proxy.abuyun.com:9010 "GET http://www.dianping.com/search/category/240/10 HTTP/1.1" 200 None
Thu, 14 Dec 2017 17:36:30 dianping_items.py[line:205] DEBUG 请求成功, url: http://www.dianping.com/search/category/240/10, params: 
Thu, 14 Dec 2017 17:36:30 connectionpool.py[line:396] DEBUG http://proxy.abuyun.com:9010 "GET http://www.dianping.com/search/category/248/10/ HTTP/1.1" 301 0
Thu, 14 Dec 2017 17:36:31 connectionpool.py[line:396] DEBUG http://proxy.abuyun.com:9010 "GET http://www.dianping.com/search/category/248/10 HTTP/1.1" 200 None
Thu, 14 Dec 2017 17:36:32 dianping_items.py[line:205] DEBUG 请求成功, url: http://www.dianping.com/search/category/248/10, params: 
Thu, 14 Dec 2017 17:36:32 connectionpool.py[line:396] DEBUG http://proxy.abuyun.com:9010 "GET http://www.dianping.com/search/category/248/10/ HTTP/1.1" 403 0
Thu, 14 Dec 2017 17:36:32 connectionpool.py[line:243] DEBUG Resetting dropped connection: proxy.abuyun.com
Thu, 14 Dec 2017 17:36:32 connectionpool.py[line:396] DEBUG http://proxy.abuyun.com:9010 "GET http://www.dianping.com/search/category/248/10/ HTTP/1.1" 301 0
Thu, 14 Dec 2017 17:36:33 connectionpool.py[line:396] DEBUG http://proxy.abuyun.com:9010 "GET http://www.dianping.com/search/category/248/10 HTTP/1.1" 200 None
Thu, 14 Dec 2017 17:36:33 dianping_items.py[line:205] DEBUG 请求成功, url: http://www.dianping.com/search/category/248/10, params: 
Thu, 14 Dec 2017 17:36:34 connectionpool.py[line:396] DEBUG http://proxy.abuyun.com:9010 "GET http://www.dianping.com/search/category/248/10/ HTTP/1.1" 301 0
Thu, 14 Dec 2017 17:36:35 connectionpool.py[line:396] DEBUG http://proxy.abuyun.com:9010 "GET http://www.dianping.com/search/category/248/10 HTTP/1.1" 200 None
Thu, 14 Dec 2017 17:36:35 dianping_items.py[line:205] DEBUG 请求成功, url: http://www.dianping.com/search/category/248/10, params: 
Thu, 14 Dec 2017 17:36:35 connectionpool.py[line:396] DEBUG http://proxy.abuyun.com:9010 "GET http://www.dianping.com/search/category/248/10/ HTTP/1.1" 301 0
Thu, 14 Dec 2017 17:36:36 connectionpool.py[line:396] DEBUG http://proxy.abuyun.com:9010 "GET http://www.dianping.com/search/category/248/10 HTTP/1.1" 200 None
Thu, 14 Dec 2017 17:36:36 dianping_items.py[line:205] DEBUG 请求成功, url: http://www.dianping.com/search/category/248/10, params: 
Thu, 14 Dec 2017 17:36:36 connectionpool.py[line:396] DEBUG http://proxy.abuyun.com:9010 "GET http://www.dianping.com/search/category/248/10/ HTTP/1.1" 301 0
Thu, 14 Dec 2017 17:36:37 connectionpool.py[line:396] DEBUG http://proxy.abuyun.com:9010 "GET http://www.dianping.com/search/category/248/10 HTTP/1.1" 200 None
Thu, 14 Dec 2017 17:36:37 dianping_items.py[line:205] DEBUG 请求成功, url: http://www.dianping.com/search/category/248/10, params: 
Thu, 14 Dec 2017 17:36:38 connectionpool.py[line:396] DEBUG http://proxy.abuyun.com:9010 "GET http://www.dianping.com/search/category/248/10/ HTTP/1.1" 301 0
Thu, 14 Dec 2017 17:36:38 connectionpool.py[line:396] DEBUG http://proxy.abuyun.com:9010 "GET http://www.dianping.com/search/category/248/10 HTTP/1.1" 200 None
Thu, 14 Dec 2017 17:36:39 dianping_items.py[line:205] DEBUG 请求成功, url: http://www.dianping.com/search/category/248/10, params: 
Thu, 14 Dec 2017 17:36:39 connectionpool.py[line:396] DEBUG http://proxy.abuyun.com:9010 "GET http://www.dianping.com/search/category/242/10/ HTTP/1.1" 301 0
Thu, 14 Dec 2017 17:36:40 connectionpool.py[line:396] DEBUG http://proxy.abuyun.com:9010 "GET http://www.dianping.com/search/category/242/10 HTTP/1.1" 200 None
Thu, 14 Dec 2017 17:36:40 dianping_items.py[line:205] DEBUG 请求成功, url: http://www.dianping.com/search/category/242/10, params: 
Thu, 14 Dec 2017 17:36:49 connectionpool.py[line:396] DEBUG http://proxy.abuyun.com:9010 "GET http://www.dianping.com/search/category/242/10/ HTTP/1.1" 301 0
Thu, 14 Dec 2017 17:36:54 connectionpool.py[line:396] DEBUG http://proxy.abuyun.com:9010 "GET http://www.dianping.com/search/category/242/10 HTTP/1.1" 200 None
Thu, 14 Dec 2017 17:36:55 dianping_items.py[line:205] DEBUG 请求成功, url: http://www.dianping.com/search/category/242/10, params: 
Thu, 14 Dec 2017 17:36:55 connectionpool.py[line:396] DEBUG http://proxy.abuyun.com:9010 "GET http://www.dianping.com/search/category/242/10/ HTTP/1.1" 301 0
Thu, 14 Dec 2017 17:36:56 connectionpool.py[line:396] DEBUG http://proxy.abuyun.com:9010 "GET http://www.dianping.com/search/category/242/10 HTTP/1.1" 200 None
Thu, 14 Dec 2017 17:36:56 dianping_items.py[line:205] DEBUG 请求成功, url: http://www.dianping.com/search/category/242/10, params: 
Thu, 14 Dec 2017 17:36:57 connectionpool.py[line:396] DEBUG http://proxy.abuyun.com:9010 "GET http://www.dianping.com/search/category/242/10/ HTTP/1.1" 301 0
Thu, 14 Dec 2017 17:36:58 connectionpool.py[line:396] DEBUG http://proxy.abuyun.com:9010 "GET http://www.dianping.com/search/category/242/10 HTTP/1.1" 200 None
Thu, 14 Dec 2017 17:36:59 dianping_items.py[line:205] DEBUG 请求成功, url: http://www.dianping.com/search/category/242/10, params: 
Thu, 14 Dec 2017 17:36:59 connectionpool.py[line:396] DEBUG http://proxy.abuyun.com:9010 "GET http://www.dianping.com/search/category/242/10/ HTTP/1.1" 301 0
Thu, 14 Dec 2017 17:37:00 connectionpool.py[line:396] DEBUG http://proxy.abuyun.com:9010 "GET http://www.dianping.com/search/category/242/10 HTTP/1.1" 200 None
Thu, 14 Dec 2017 17:37:00 dianping_items.py[line:205] DEBUG 请求成功, url: http://www.dianping.com/search/category/242/10, params: 
Thu, 14 Dec 2017 17:37:00 connectionpool.py[line:396] DEBUG http://proxy.abuyun.com:9010 "GET http://www.dianping.com/search/category/242/10/ HTTP/1.1" 301 0
Thu, 14 Dec 2017 17:37:01 connectionpool.py[line:396] DEBUG http://proxy.abuyun.com:9010 "GET http://www.dianping.com/search/category/242/10 HTTP/1.1" 200 None
Thu, 14 Dec 2017 17:37:02 dianping_items.py[line:205] DEBUG 请求成功, url: http://www.dianping.com/search/category/242/10, params: 
Thu, 14 Dec 2017 17:37:02 connectionpool.py[line:396] DEBUG http://proxy.abuyun.com:9010 "GET http://www.dianping.com/search/category/242/10/ HTTP/1.1" 301 0
Thu, 14 Dec 2017 17:37:03 connectionpool.py[line:396] DEBUG http://proxy.abuyun.com:9010 "GET http://www.dianping.com/search/category/242/10 HTTP/1.1" 200 None
Thu, 14 Dec 2017 17:37:03 dianping_items.py[line:205] DEBUG 请求成功, url: http://www.dianping.com/search/category/242/10, params: 
Thu, 14 Dec 2017 17:37:03 connectionpool.py[line:396] DEBUG http://proxy.abuyun.com:9010 "GET http://www.dianping.com/search/category/242/10/ HTTP/1.1" 301 0
Thu, 14 Dec 2017 17:37:04 connectionpool.py[line:396] DEBUG http://proxy.abuyun.com:9010 "GET http://www.dianping.com/search/category/242/10 HTTP/1.1" 200 None
Thu, 14 Dec 2017 17:37:05 dianping_items.py[line:205] DEBUG 请求成功, url: http://www.dianping.com/search/category/242/10, params: 
Thu, 14 Dec 2017 17:37:05 connectionpool.py[line:396] DEBUG http://proxy.abuyun.com:9010 "GET http://www.dianping.com/search/category/242/10/ HTTP/1.1" 301 0
Thu, 14 Dec 2017 17:37:06 connectionpool.py[line:396] DEBUG http://proxy.abuyun.com:9010 "GET http://www.dianping.com/search/category/242/10 HTTP/1.1" 200 None
Thu, 14 Dec 2017 17:37:06 dianping_items.py[line:205] DEBUG 请求成功, url: http://www.dianping.com/search/category/242/10, params: 
Thu, 14 Dec 2017 17:37:06 connectionpool.py[line:396] DEBUG http://proxy.abuyun.com:9010 "GET http://www.dianping.com/search/category/242/10/ HTTP/1.1" 301 0
Thu, 14 Dec 2017 17:37:07 connectionpool.py[line:396] DEBUG http://proxy.abuyun.com:9010 "GET http://www.dianping.com/search/category/242/10 HTTP/1.1" 200 None
Thu, 14 Dec 2017 17:37:07 dianping_items.py[line:205] DEBUG 请求成功, url: http://www.dianping.com/search/category/242/10, params: 
Thu, 14 Dec 2017 17:37:08 connectionpool.py[line:396] DEBUG http://proxy.abuyun.com:9010 "GET http://www.dianping.com/search/category/245/10/ HTTP/1.1" 301 0
Thu, 14 Dec 2017 17:37:09 connectionpool.py[line:396] DEBUG http://proxy.abuyun.com:9010 "GET http://www.dianping.com/search/category/245/10 HTTP/1.1" 200 None
Thu, 14 Dec 2017 17:37:09 dianping_items.py[line:205] DEBUG 请求成功, url: http://www.dianping.com/search/category/245/10, params: 
Thu, 14 Dec 2017 17:37:10 connectionpool.py[line:396] DEBUG http://proxy.abuyun.com:9010 "GET http://www.dianping.com/search/category/245/10/ HTTP/1.1" 301 0
Thu, 14 Dec 2017 17:37:13 connectionpool.py[line:396] DEBUG http://proxy.abuyun.com:9010 "GET http://www.dianping.com/search/category/245/10 HTTP/1.1" 200 None
Thu, 14 Dec 2017 17:37:13 dianping_items.py[line:205] DEBUG 请求成功, url: http://www.dianping.com/search/category/245/10, params: 
Thu, 14 Dec 2017 17:37:13 connectionpool.py[line:396] DEBUG http://proxy.abuyun.com:9010 "GET http://www.dianping.com/search/category/245/10/ HTTP/1.1" 301 0
Thu, 14 Dec 2017 17:37:14 connectionpool.py[line:396] DEBUG http://proxy.abuyun.com:9010 "GET http://www.dianping.com/search/category/245/10 HTTP/1.1" 200 None
Thu, 14 Dec 2017 17:37:14 dianping_items.py[line:205] DEBUG 请求成功, url: http://www.dianping.com/search/category/245/10, params: 
Thu, 14 Dec 2017 17:37:15 connectionpool.py[line:396] DEBUG http://proxy.abuyun.com:9010 "GET http://www.dianping.com/search/category/245/10/ HTTP/1.1" 301 0
Thu, 14 Dec 2017 17:37:15 connectionpool.py[line:396] DEBUG http://proxy.abuyun.com:9010 "GET http://www.dianping.com/search/category/245/10 HTTP/1.1" 403 0
Thu, 14 Dec 2017 17:37:15 connectionpool.py[line:243] DEBUG Resetting dropped connection: proxy.abuyun.com
Thu, 14 Dec 2017 17:37:16 connectionpool.py[line:396] DEBUG http://proxy.abuyun.com:9010 "GET http://www.dianping.com/search/category/245/10/ HTTP/1.1" 403 0
Thu, 14 Dec 2017 17:37:16 connectionpool.py[line:243] DEBUG Resetting dropped connection: proxy.abuyun.com
Thu, 14 Dec 2017 17:37:16 connectionpool.py[line:396] DEBUG http://proxy.abuyun.com:9010 "GET http://www.dianping.com/search/category/245/10/ HTTP/1.1" 301 0
Thu, 14 Dec 2017 17:37:17 connectionpool.py[line:396] DEBUG http://proxy.abuyun.com:9010 "GET http://www.dianping.com/search/category/245/10 HTTP/1.1" 200 None
Thu, 14 Dec 2017 17:37:19 dianping_items.py[line:205] DEBUG 请求成功, url: http://www.dianping.com/search/category/245/10, params: 
Thu, 14 Dec 2017 17:37:19 connectionpool.py[line:396] DEBUG http://proxy.abuyun.com:9010 "GET http://www.dianping.com/search/category/245/10/ HTTP/1.1" 301 0
Thu, 14 Dec 2017 17:37:20 connectionpool.py[line:396] DEBUG http://proxy.abuyun.com:9010 "GET http://www.dianping.com/search/category/245/10 HTTP/1.1" 200 None
Thu, 14 Dec 2017 17:37:21 dianping_items.py[line:205] DEBUG 请求成功, url: http://www.dianping.com/search/category/245/10, params: 
Thu, 14 Dec 2017 17:37:25 connectionpool.py[line:396] DEBUG http://proxy.abuyun.com:9010 "GET http://www.dianping.com/search/category/247/10/ HTTP/1.1" 301 0
Thu, 14 Dec 2017 17:37:26 connectionpool.py[line:396] DEBUG http://proxy.abuyun.com:9010 "GET http://www.dianping.com/search/category/247/10 HTTP/1.1" 200 None
Thu, 14 Dec 2017 17:37:26 dianping_items.py[line:205] DEBUG 请求成功, url: http://www.dianping.com/search/category/247/10, params: 
Thu, 14 Dec 2017 17:37:26 connectionpool.py[line:396] DEBUG http://proxy.abuyun.com:9010 "GET http://www.dianping.com/search/category/247/10/ HTTP/1.1" 301 0
Thu, 14 Dec 2017 17:37:27 connectionpool.py[line:396] DEBUG http://proxy.abuyun.com:9010 "GET http://www.dianping.com/search/category/247/10 HTTP/1.1" 200 None
Thu, 14 Dec 2017 17:37:29 dianping_items.py[line:205] DEBUG 请求成功, url: http://www.dianping.com/search/category/247/10, params: 
Thu, 14 Dec 2017 17:37:29 connectionpool.py[line:396] DEBUG http://proxy.abuyun.com:9010 "GET http://www.dianping.com/search/category/247/10/ HTTP/1.1" 301 0
Thu, 14 Dec 2017 17:37:30 connectionpool.py[line:396] DEBUG http://proxy.abuyun.com:9010 "GET http://www.dianping.com/search/category/247/10 HTTP/1.1" 200 None
Thu, 14 Dec 2017 17:37:30 dianping_items.py[line:205] DEBUG 请求成功, url: http://www.dianping.com/search/category/247/10, params: 
Thu, 14 Dec 2017 17:37:30 connectionpool.py[line:396] DEBUG http://proxy.abuyun.com:9010 "GET http://www.dianping.com/search/category/247/10/ HTTP/1.1" 301 0
Thu, 14 Dec 2017 17:37:31 connectionpool.py[line:396] DEBUG http://proxy.abuyun.com:9010 "GET http://www.dianping.com/search/category/247/10 HTTP/1.1" 200 None
Thu, 14 Dec 2017 17:37:31 dianping_items.py[line:205] DEBUG 请求成功, url: http://www.dianping.com/search/category/247/10, params: 
Thu, 14 Dec 2017 17:37:32 connectionpool.py[line:396] DEBUG http://proxy.abuyun.com:9010 "GET http://www.dianping.com/search/category/247/10/ HTTP/1.1" 301 0
Thu, 14 Dec 2017 17:37:33 connectionpool.py[line:396] DEBUG http://proxy.abuyun.com:9010 "GET http://www.dianping.com/search/category/247/10 HTTP/1.1" 200 None
Thu, 14 Dec 2017 17:37:33 dianping_items.py[line:205] DEBUG 请求成功, url: http://www.dianping.com/search/category/247/10, params: 
Thu, 14 Dec 2017 17:37:34 connectionpool.py[line:396] DEBUG http://proxy.abuyun.com:9010 "GET http://www.dianping.com/search/category/247/10/ HTTP/1.1" 301 0
Thu, 14 Dec 2017 17:37:35 connectionpool.py[line:396] DEBUG http://proxy.abuyun.com:9010 "GET http://www.dianping.com/search/category/247/10 HTTP/1.1" 200 None
Thu, 14 Dec 2017 17:37:35 dianping_items.py[line:205] DEBUG 请求成功, url: http://www.dianping.com/search/category/247/10, params: 
Thu, 14 Dec 2017 17:37:36 connectionpool.py[line:396] DEBUG http://proxy.abuyun.com:9010 "GET http://www.dianping.com/search/category/247/10/ HTTP/1.1" 301 0
Thu, 14 Dec 2017 17:37:37 connectionpool.py[line:396] DEBUG http://proxy.abuyun.com:9010 "GET http://www.dianping.com/search/category/247/10 HTTP/1.1" 200 None
Thu, 14 Dec 2017 17:37:37 dianping_items.py[line:205] DEBUG 请求成功, url: http://www.dianping.com/search/category/247/10, params: 
Thu, 14 Dec 2017 17:37:37 connectionpool.py[line:396] DEBUG http://proxy.abuyun.com:9010 "GET http://www.dianping.com/search/category/247/10/ HTTP/1.1" 301 0
Thu, 14 Dec 2017 17:37:38 connectionpool.py[line:396] DEBUG http://proxy.abuyun.com:9010 "GET http://www.dianping.com/search/category/247/10 HTTP/1.1" 200 None
Thu, 14 Dec 2017 17:37:38 dianping_items.py[line:205] DEBUG 请求成功, url: http://www.dianping.com/search/category/247/10, params: 
Thu, 14 Dec 2017 17:37:38 connectionpool.py[line:396] DEBUG http://proxy.abuyun.com:9010 "GET http://www.dianping.com/search/category/247/10/ HTTP/1.1" 301 0
Thu, 14 Dec 2017 17:37:39 connectionpool.py[line:396] DEBUG http://proxy.abuyun.com:9010 "GET http://www.dianping.com/search/category/247/10 HTTP/1.1" 200 None
Thu, 14 Dec 2017 17:37:39 dianping_items.py[line:205] DEBUG 请求成功, url: http://www.dianping.com/search/category/247/10, params: 
Thu, 14 Dec 2017 17:37:40 connectionpool.py[line:396] DEBUG http://proxy.abuyun.com:9010 "GET http://www.dianping.com/search/category/239/10/ HTTP/1.1" 301 0
Thu, 14 Dec 2017 17:37:40 connectionpool.py[line:396] DEBUG http://proxy.abuyun.com:9010 "GET http://www.dianping.com/search/category/239/10 HTTP/1.1" 200 None
Thu, 14 Dec 2017 17:37:41 dianping_items.py[line:205] DEBUG 请求成功, url: http://www.dianping.com/search/category/239/10, params: 
Thu, 14 Dec 2017 17:37:41 connectionpool.py[line:396] DEBUG http://proxy.abuyun.com:9010 "GET http://www.dianping.com/search/category/239/10/ HTTP/1.1" 301 0
Thu, 14 Dec 2017 17:37:42 connectionpool.py[line:396] DEBUG http://proxy.abuyun.com:9010 "GET http://www.dianping.com/search/category/239/10 HTTP/1.1" 200 None
Thu, 14 Dec 2017 17:37:42 dianping_items.py[line:205] DEBUG 请求成功, url: http://www.dianping.com/search/category/239/10, params: 
Thu, 14 Dec 2017 17:37:42 connectionpool.py[line:396] DEBUG http://proxy.abuyun.com:9010 "GET http://www.dianping.com/search/category/239/10/ HTTP/1.1" 301 0
Thu, 14 Dec 2017 17:37:44 connectionpool.py[line:396] DEBUG http://proxy.abuyun.com:9010 "GET http://www.dianping.com/search/category/239/10 HTTP/1.1" 200 None
Thu, 14 Dec 2017 17:37:44 dianping_items.py[line:205] DEBUG 请求成功, url: http://www.dianping.com/search/category/239/10, params: 
Thu, 14 Dec 2017 17:37:44 connectionpool.py[line:396] DEBUG http://proxy.abuyun.com:9010 "GET http://www.dianping.com/search/category/239/10/ HTTP/1.1" 301 0
Thu, 14 Dec 2017 17:37:45 connectionpool.py[line:396] DEBUG http://proxy.abuyun.com:9010 "GET http://www.dianping.com/search/category/239/10 HTTP/1.1" 200 None
Thu, 14 Dec 2017 17:37:45 dianping_items.py[line:205] DEBUG 请求成功, url: http://www.dianping.com/search/category/239/10, params: 
Thu, 14 Dec 2017 17:37:46 connectionpool.py[line:396] DEBUG http://proxy.abuyun.com:9010 "GET http://www.dianping.com/search/category/239/10/ HTTP/1.1" 301 0
Thu, 14 Dec 2017 17:37:47 connectionpool.py[line:396] DEBUG http://proxy.abuyun.com:9010 "GET http://www.dianping.com/search/category/239/10 HTTP/1.1" 200 None
Thu, 14 Dec 2017 17:37:47 dianping_items.py[line:205] DEBUG 请求成功, url: http://www.dianping.com/search/category/239/10, params: 
Thu, 14 Dec 2017 17:37:47 connectionpool.py[line:396] DEBUG http://proxy.abuyun.com:9010 "GET http://www.dianping.com/search/category/244/10/ HTTP/1.1" 301 0
Thu, 14 Dec 2017 17:37:48 connectionpool.py[line:396] DEBUG http://proxy.abuyun.com:9010 "GET http://www.dianping.com/search/category/244/10 HTTP/1.1" 200 None
Thu, 14 Dec 2017 17:37:48 dianping_items.py[line:205] DEBUG 请求成功, url: http://www.dianping.com/search/category/244/10, params: 
Thu, 14 Dec 2017 17:37:53 connectionpool.py[line:396] DEBUG http://proxy.abuyun.com:9010 "GET http://www.dianping.com/search/category/244/10/ HTTP/1.1" 301 0
Thu, 14 Dec 2017 17:37:54 connectionpool.py[line:396] DEBUG http://proxy.abuyun.com:9010 "GET http://www.dianping.com/search/category/244/10 HTTP/1.1" 200 None
Thu, 14 Dec 2017 17:37:54 dianping_items.py[line:205] DEBUG 请求成功, url: http://www.dianping.com/search/category/244/10, params: 
Thu, 14 Dec 2017 17:37:55 connectionpool.py[line:396] DEBUG http://proxy.abuyun.com:9010 "GET http://www.dianping.com/search/category/244/10/ HTTP/1.1" 301 0
Thu, 14 Dec 2017 17:37:56 connectionpool.py[line:396] DEBUG http://proxy.abuyun.com:9010 "GET http://www.dianping.com/search/category/244/10 HTTP/1.1" 200 None
Thu, 14 Dec 2017 17:37:56 dianping_items.py[line:205] DEBUG 请求成功, url: http://www.dianping.com/search/category/244/10, params: 
Thu, 14 Dec 2017 17:37:56 connectionpool.py[line:396] DEBUG http://proxy.abuyun.com:9010 "GET http://www.dianping.com/search/category/244/10/ HTTP/1.1" 301 0
Thu, 14 Dec 2017 17:37:57 connectionpool.py[line:396] DEBUG http://proxy.abuyun.com:9010 "GET http://www.dianping.com/search/category/244/10 HTTP/1.1" 200 None
Thu, 14 Dec 2017 17:37:57 dianping_items.py[line:205] DEBUG 请求成功, url: http://www.dianping.com/search/category/244/10, params: 
Thu, 14 Dec 2017 17:38:00 connectionpool.py[line:396] DEBUG http://proxy.abuyun.com:9010 "GET http://www.dianping.com/search/category/244/10/ HTTP/1.1" 301 0
Thu, 14 Dec 2017 17:38:01 connectionpool.py[line:396] DEBUG http://proxy.abuyun.com:9010 "GET http://www.dianping.com/search/category/244/10 HTTP/1.1" 200 None
Thu, 14 Dec 2017 17:38:01 dianping_items.py[line:205] DEBUG 请求成功, url: http://www.dianping.com/search/category/244/10, params: 
Thu, 14 Dec 2017 17:38:02 connectionpool.py[line:396] DEBUG http://proxy.abuyun.com:9010 "GET http://www.dianping.com/search/category/252/10/ HTTP/1.1" 301 0
Thu, 14 Dec 2017 17:38:03 connectionpool.py[line:396] DEBUG http://proxy.abuyun.com:9010 "GET http://www.dianping.com/search/category/252/10 HTTP/1.1" 200 None
Thu, 14 Dec 2017 17:38:03 dianping_items.py[line:205] DEBUG 请求成功, url: http://www.dianping.com/search/category/252/10, params: 
Thu, 14 Dec 2017 17:38:03 connectionpool.py[line:396] DEBUG http://proxy.abuyun.com:9010 "GET http://www.dianping.com/search/category/252/10/ HTTP/1.1" 403 0
Thu, 14 Dec 2017 17:38:03 connectionpool.py[line:243] DEBUG Resetting dropped connection: proxy.abuyun.com
Thu, 14 Dec 2017 17:38:04 connectionpool.py[line:396] DEBUG http://proxy.abuyun.com:9010 "GET http://www.dianping.com/search/category/252/10/ HTTP/1.1" 301 0
Thu, 14 Dec 2017 17:38:04 connectionpool.py[line:396] DEBUG http://proxy.abuyun.com:9010 "GET http://www.dianping.com/search/category/252/10 HTTP/1.1" 200 None
Thu, 14 Dec 2017 17:38:04 dianping_items.py[line:205] DEBUG 请求成功, url: http://www.dianping.com/search/category/252/10, params: 
Thu, 14 Dec 2017 17:38:05 connectionpool.py[line:396] DEBUG http://proxy.abuyun.com:9010 "GET http://www.dianping.com/search/category/252/10/ HTTP/1.1" 301 0
Thu, 14 Dec 2017 17:38:05 connectionpool.py[line:396] DEBUG http://proxy.abuyun.com:9010 "GET http://www.dianping.com/search/category/252/10 HTTP/1.1" 200 None
Thu, 14 Dec 2017 17:38:05 dianping_items.py[line:205] DEBUG 请求成功, url: http://www.dianping.com/search/category/252/10, params: 
Thu, 14 Dec 2017 17:38:06 connectionpool.py[line:396] DEBUG http://proxy.abuyun.com:9010 "GET http://www.dianping.com/search/category/252/10/ HTTP/1.1" 301 0
Thu, 14 Dec 2017 17:38:06 connectionpool.py[line:396] DEBUG http://proxy.abuyun.com:9010 "GET http://www.dianping.com/search/category/252/10 HTTP/1.1" 200 None
Thu, 14 Dec 2017 17:38:06 dianping_items.py[line:205] DEBUG 请求成功, url: http://www.dianping.com/search/category/252/10, params: 
Thu, 14 Dec 2017 17:38:07 connectionpool.py[line:396] DEBUG http://proxy.abuyun.com:9010 "GET http://www.dianping.com/search/category/252/10/ HTTP/1.1" 301 0
Thu, 14 Dec 2017 17:38:08 connectionpool.py[line:396] DEBUG http://proxy.abuyun.com:9010 "GET http://www.dianping.com/search/category/252/10 HTTP/1.1" 200 None
Thu, 14 Dec 2017 17:38:08 dianping_items.py[line:205] DEBUG 请求成功, url: http://www.dianping.com/search/category/252/10, params: 
Thu, 14 Dec 2017 17:38:08 connectionpool.py[line:396] DEBUG http://proxy.abuyun.com:9010 "GET http://www.dianping.com/search/category/252/10/ HTTP/1.1" 301 0
Thu, 14 Dec 2017 17:38:09 connectionpool.py[line:396] DEBUG http://proxy.abuyun.com:9010 "GET http://www.dianping.com/search/category/252/10 HTTP/1.1" 200 None
Thu, 14 Dec 2017 17:38:09 dianping_items.py[line:205] DEBUG 请求成功, url: http://www.dianping.com/search/category/252/10, params: 
Thu, 14 Dec 2017 17:38:10 connectionpool.py[line:396] DEBUG http://proxy.abuyun.com:9010 "GET http://www.dianping.com/search/category/252/10/ HTTP/1.1" 301 0
Thu, 14 Dec 2017 17:38:10 connectionpool.py[line:396] DEBUG http://proxy.abuyun.com:9010 "GET http://www.dianping.com/search/category/252/10 HTTP/1.1" 200 None
Thu, 14 Dec 2017 17:38:11 dianping_items.py[line:205] DEBUG 请求成功, url: http://www.dianping.com/search/category/252/10, params: 
Thu, 14 Dec 2017 17:38:11 connectionpool.py[line:396] DEBUG http://proxy.abuyun.com:9010 "GET http://www.dianping.com/search/category/252/10/ HTTP/1.1" 301 0
Thu, 14 Dec 2017 17:38:12 connectionpool.py[line:396] DEBUG http://proxy.abuyun.com:9010 "GET http://www.dianping.com/search/category/252/10 HTTP/1.1" 200 None
Thu, 14 Dec 2017 17:38:14 dianping_items.py[line:205] DEBUG 请求成功, url: http://www.dianping.com/search/category/252/10, params: 
Thu, 14 Dec 2017 17:38:15 connectionpool.py[line:396] DEBUG http://proxy.abuyun.com:9010 "GET http://www.dianping.com/search/category/249/10/ HTTP/1.1" 301 0
Thu, 14 Dec 2017 17:38:15 connectionpool.py[line:396] DEBUG http://proxy.abuyun.com:9010 "GET http://www.dianping.com/search/category/249/10 HTTP/1.1" 200 None
Thu, 14 Dec 2017 17:38:16 dianping_items.py[line:205] DEBUG 请求成功, url: http://www.dianping.com/search/category/249/10, params: 
Thu, 14 Dec 2017 17:38:16 connectionpool.py[line:396] DEBUG http://proxy.abuyun.com:9010 "GET http://www.dianping.com/search/category/249/10/ HTTP/1.1" 301 0
Thu, 14 Dec 2017 17:38:17 connectionpool.py[line:396] DEBUG http://proxy.abuyun.com:9010 "GET http://www.dianping.com/search/category/249/10 HTTP/1.1" 200 None
Thu, 14 Dec 2017 17:38:17 dianping_items.py[line:205] DEBUG 请求成功, url: http://www.dianping.com/search/category/249/10, params: 
Thu, 14 Dec 2017 17:38:18 connectionpool.py[line:396] DEBUG http://proxy.abuyun.com:9010 "GET http://www.dianping.com/search/category/249/10/ HTTP/1.1" 301 0
Thu, 14 Dec 2017 17:38:18 connectionpool.py[line:396] DEBUG http://proxy.abuyun.com:9010 "GET http://www.dianping.com/search/category/249/10 HTTP/1.1" 200 None
Thu, 14 Dec 2017 17:38:19 dianping_items.py[line:205] DEBUG 请求成功, url: http://www.dianping.com/search/category/249/10, params: 
Thu, 14 Dec 2017 17:38:19 connectionpool.py[line:396] DEBUG http://proxy.abuyun.com:9010 "GET http://www.dianping.com/search/category/249/10/ HTTP/1.1" 301 0
Thu, 14 Dec 2017 17:38:22 connectionpool.py[line:396] DEBUG http://proxy.abuyun.com:9010 "GET http://www.dianping.com/search/category/249/10 HTTP/1.1" 200 None
Thu, 14 Dec 2017 17:38:23 dianping_items.py[line:205] DEBUG 请求成功, url: http://www.dianping.com/search/category/249/10, params: 
Thu, 14 Dec 2017 17:38:23 connectionpool.py[line:396] DEBUG http://proxy.abuyun.com:9010 "GET http://www.dianping.com/search/category/249/10/ HTTP/1.1" 301 0
Thu, 14 Dec 2017 17:38:24 connectionpool.py[line:396] DEBUG http://proxy.abuyun.com:9010 "GET http://www.dianping.com/search/category/249/10 HTTP/1.1" 200 None
Thu, 14 Dec 2017 17:38:25 dianping_items.py[line:205] DEBUG 请求成功, url: http://www.dianping.com/search/category/249/10, params: 
Thu, 14 Dec 2017 17:38:25 connectionpool.py[line:396] DEBUG http://proxy.abuyun.com:9010 "GET http://www.dianping.com/search/category/249/10/ HTTP/1.1" 301 0
Thu, 14 Dec 2017 17:38:26 connectionpool.py[line:396] DEBUG http://proxy.abuyun.com:9010 "GET http://www.dianping.com/search/category/249/10 HTTP/1.1" 200 None
Thu, 14 Dec 2017 17:38:26 dianping_items.py[line:205] DEBUG 请求成功, url: http://www.dianping.com/search/category/249/10, params: 
Thu, 14 Dec 2017 17:38:27 connectionpool.py[line:396] DEBUG http://proxy.abuyun.com:9010 "GET http://www.dianping.com/search/category/249/10/ HTTP/1.1" 301 0
Thu, 14 Dec 2017 17:38:29 connectionpool.py[line:396] DEBUG http://proxy.abuyun.com:9010 "GET http://www.dianping.com/search/category/249/10 HTTP/1.1" 200 None
Thu, 14 Dec 2017 17:38:29 dianping_items.py[line:205] DEBUG 请求成功, url: http://www.dianping.com/search/category/249/10, params: 
Thu, 14 Dec 2017 17:38:29 connectionpool.py[line:396] DEBUG http://proxy.abuyun.com:9010 "GET http://www.dianping.com/search/category/249/10/ HTTP/1.1" 301 0
Thu, 14 Dec 2017 17:38:30 connectionpool.py[line:396] DEBUG http://proxy.abuyun.com:9010 "GET http://www.dianping.com/search/category/249/10 HTTP/1.1" 200 None
Thu, 14 Dec 2017 17:38:30 dianping_items.py[line:205] DEBUG 请求成功, url: http://www.dianping.com/search/category/249/10, params: 
Thu, 14 Dec 2017 17:38:30 connectionpool.py[line:396] DEBUG http://proxy.abuyun.com:9010 "GET http://www.dianping.com/search/category/249/10/ HTTP/1.1" 301 0
Thu, 14 Dec 2017 17:38:35 connectionpool.py[line:396] DEBUG http://proxy.abuyun.com:9010 "GET http://www.dianping.com/search/category/249/10 HTTP/1.1" 200 None
Thu, 14 Dec 2017 17:38:36 dianping_items.py[line:205] DEBUG 请求成功, url: http://www.dianping.com/search/category/249/10, params: 
Thu, 14 Dec 2017 17:38:36 connectionpool.py[line:396] DEBUG http://proxy.abuyun.com:9010 "GET http://www.dianping.com/search/category/249/10/ HTTP/1.1" 301 0
Thu, 14 Dec 2017 17:38:37 connectionpool.py[line:396] DEBUG http://proxy.abuyun.com:9010 "GET http://www.dianping.com/search/category/249/10 HTTP/1.1" 200 None
Thu, 14 Dec 2017 17:38:37 dianping_items.py[line:205] DEBUG 请求成功, url: http://www.dianping.com/search/category/249/10, params: 
Thu, 14 Dec 2017 17:38:37 connectionpool.py[line:396] DEBUG http://proxy.abuyun.com:9010 "GET http://www.dianping.com/search/category/254/10/ HTTP/1.1" 301 0
Thu, 14 Dec 2017 17:38:38 connectionpool.py[line:396] DEBUG http://proxy.abuyun.com:9010 "GET http://www.dianping.com/search/category/254/10 HTTP/1.1" 200 None
Thu, 14 Dec 2017 17:38:38 dianping_items.py[line:205] DEBUG 请求成功, url: http://www.dianping.com/search/category/254/10, params: 
Thu, 14 Dec 2017 17:38:39 connectionpool.py[line:396] DEBUG http://proxy.abuyun.com:9010 "GET http://www.dianping.com/search/category/254/10/ HTTP/1.1" 301 0
Thu, 14 Dec 2017 17:38:39 connectionpool.py[line:396] DEBUG http://proxy.abuyun.com:9010 "GET http://www.dianping.com/search/category/254/10 HTTP/1.1" 200 None
Thu, 14 Dec 2017 17:38:39 dianping_items.py[line:205] DEBUG 请求成功, url: http://www.dianping.com/search/category/254/10, params: 
Thu, 14 Dec 2017 17:38:40 connectionpool.py[line:396] DEBUG http://proxy.abuyun.com:9010 "GET http://www.dianping.com/search/category/254/10/ HTTP/1.1" 301 0
Thu, 14 Dec 2017 17:38:42 connectionpool.py[line:396] DEBUG http://proxy.abuyun.com:9010 "GET http://www.dianping.com/search/category/254/10 HTTP/1.1" 200 None
Thu, 14 Dec 2017 17:38:43 dianping_items.py[line:205] DEBUG 请求成功, url: http://www.dianping.com/search/category/254/10, params: 
Thu, 14 Dec 2017 17:38:43 connectionpool.py[line:396] DEBUG http://proxy.abuyun.com:9010 "GET http://www.dianping.com/search/category/254/10/ HTTP/1.1" 403 0
Thu, 14 Dec 2017 17:38:43 connectionpool.py[line:243] DEBUG Resetting dropped connection: proxy.abuyun.com
Thu, 14 Dec 2017 17:38:44 connectionpool.py[line:396] DEBUG http://proxy.abuyun.com:9010 "GET http://www.dianping.com/search/category/254/10/ HTTP/1.1" 403 0
Thu, 14 Dec 2017 17:38:44 connectionpool.py[line:243] DEBUG Resetting dropped connection: proxy.abuyun.com
Thu, 14 Dec 2017 17:38:44 connectionpool.py[line:396] DEBUG http://proxy.abuyun.com:9010 "GET http://www.dianping.com/search/category/254/10/ HTTP/1.1" 403 0
Thu, 14 Dec 2017 17:38:44 connectionpool.py[line:243] DEBUG Resetting dropped connection: proxy.abuyun.com
Thu, 14 Dec 2017 17:38:44 connectionpool.py[line:396] DEBUG http://proxy.abuyun.com:9010 "GET http://www.dianping.com/search/category/254/10/ HTTP/1.1" 403 0
Thu, 14 Dec 2017 17:38:44 connectionpool.py[line:243] DEBUG Resetting dropped connection: proxy.abuyun.com
Thu, 14 Dec 2017 17:38:45 connectionpool.py[line:396] DEBUG http://proxy.abuyun.com:9010 "GET http://www.dianping.com/search/category/254/10/ HTTP/1.1" 403 0
Thu, 14 Dec 2017 17:38:45 connectionpool.py[line:243] DEBUG Resetting dropped connection: proxy.abuyun.com
Thu, 14 Dec 2017 17:38:45 connectionpool.py[line:396] DEBUG http://proxy.abuyun.com:9010 "GET http://www.dianping.com/search/category/254/10/ HTTP/1.1" 301 0
Thu, 14 Dec 2017 17:38:46 connectionpool.py[line:396] DEBUG http://proxy.abuyun.com:9010 "GET http://www.dianping.com/search/category/254/10 HTTP/1.1" 200 None
Thu, 14 Dec 2017 17:38:46 dianping_items.py[line:205] DEBUG 请求成功, url: http://www.dianping.com/search/category/254/10, params: 
Thu, 14 Dec 2017 17:38:47 connectionpool.py[line:396] DEBUG http://proxy.abuyun.com:9010 "GET http://www.dianping.com/search/category/238/10/ HTTP/1.1" 301 0
Thu, 14 Dec 2017 17:38:47 connectionpool.py[line:396] DEBUG http://proxy.abuyun.com:9010 "GET http://www.dianping.com/search/category/238/10 HTTP/1.1" 200 None
Thu, 14 Dec 2017 17:38:49 dianping_items.py[line:205] DEBUG 请求成功, url: http://www.dianping.com/search/category/238/10, params: 
Thu, 14 Dec 2017 17:38:49 connectionpool.py[line:396] DEBUG http://proxy.abuyun.com:9010 "GET http://www.dianping.com/search/category/238/10/ HTTP/1.1" 301 0
Thu, 14 Dec 2017 17:38:50 connectionpool.py[line:396] DEBUG http://proxy.abuyun.com:9010 "GET http://www.dianping.com/search/category/238/10 HTTP/1.1" 200 None
Thu, 14 Dec 2017 17:38:52 dianping_items.py[line:205] DEBUG 请求成功, url: http://www.dianping.com/search/category/238/10, params: 
Thu, 14 Dec 2017 17:38:52 connectionpool.py[line:396] DEBUG http://proxy.abuyun.com:9010 "GET http://www.dianping.com/search/category/238/10/ HTTP/1.1" 301 0
Thu, 14 Dec 2017 17:38:53 connectionpool.py[line:396] DEBUG http://proxy.abuyun.com:9010 "GET http://www.dianping.com/search/category/238/10 HTTP/1.1" 200 None
Thu, 14 Dec 2017 17:38:53 dianping_items.py[line:205] DEBUG 请求成功, url: http://www.dianping.com/search/category/238/10, params: 
Thu, 14 Dec 2017 17:38:53 connectionpool.py[line:396] DEBUG http://proxy.abuyun.com:9010 "GET http://www.dianping.com/search/category/238/10/ HTTP/1.1" 301 0
Thu, 14 Dec 2017 17:38:54 connectionpool.py[line:396] DEBUG http://proxy.abuyun.com:9010 "GET http://www.dianping.com/search/category/238/10 HTTP/1.1" 200 None
Thu, 14 Dec 2017 17:38:54 dianping_items.py[line:205] DEBUG 请求成功, url: http://www.dianping.com/search/category/238/10, params: 
Thu, 14 Dec 2017 17:38:55 connectionpool.py[line:396] DEBUG http://proxy.abuyun.com:9010 "GET http://www.dianping.com/search/category/238/10/ HTTP/1.1" 301 0
Thu, 14 Dec 2017 17:38:56 connectionpool.py[line:396] DEBUG http://proxy.abuyun.com:9010 "GET http://www.dianping.com/search/category/238/10 HTTP/1.1" 200 None
Thu, 14 Dec 2017 17:38:56 dianping_items.py[line:205] DEBUG 请求成功, url: http://www.dianping.com/search/category/238/10, params: 
Thu, 14 Dec 2017 17:38:56 connectionpool.py[line:396] DEBUG http://proxy.abuyun.com:9010 "GET http://www.dianping.com/search/category/238/10/ HTTP/1.1" 301 0
Thu, 14 Dec 2017 17:38:57 connectionpool.py[line:396] DEBUG http://proxy.abuyun.com:9010 "GET http://www.dianping.com/search/category/238/10 HTTP/1.1" 200 None
Thu, 14 Dec 2017 17:38:57 dianping_items.py[line:205] DEBUG 请求成功, url: http://www.dianping.com/search/category/238/10, params: 
Thu, 14 Dec 2017 17:38:59 connectionpool.py[line:396] DEBUG http://proxy.abuyun.com:9010 "GET http://www.dianping.com/search/category/255/10/g34014c1699p1 HTTP/1.1" 200 None
Thu, 14 Dec 2017 17:38:59 dianping_items.py[line:205] DEBUG 请求成功, url: http://www.dianping.com/search/category/255/10/g34014c1699p1, params: 
Thu, 14 Dec 2017 17:39:01 connectionpool.py[line:396] DEBUG http://proxy.abuyun.com:9010 "GET http://www.dianping.com/search/category/255/10/g2991c1699p1 HTTP/1.1" 200 None
Thu, 14 Dec 2017 17:39:01 dianping_items.py[line:205] DEBUG 请求成功, url: http://www.dianping.com/search/category/255/10/g2991c1699p1, params: 
Thu, 14 Dec 2017 17:39:02 connectionpool.py[line:396] DEBUG http://proxy.abuyun.com:9010 "GET http://www.dianping.com/search/category/255/10/g114c1699p1 HTTP/1.1" 200 None
Thu, 14 Dec 2017 17:39:02 dianping_items.py[line:205] DEBUG 请求成功, url: http://www.dianping.com/search/category/255/10/g114c1699p1, params: 
Thu, 14 Dec 2017 17:39:02 connectionpool.py[line:396] DEBUG http://proxy.abuyun.com:9010 "GET http://www.dianping.com/search/category/255/10/g114c1699p2 HTTP/1.1" 200 None
Thu, 14 Dec 2017 17:39:02 dianping_items.py[line:205] DEBUG 请求成功, url: http://www.dianping.com/search/category/255/10/g114c1699p2, params: 
Thu, 14 Dec 2017 17:39:05 connectionpool.py[line:396] DEBUG http://proxy.abuyun.com:9010 "GET http://www.dianping.com/search/category/255/10/g110c1699p1 HTTP/1.1" 200 None
Thu, 14 Dec 2017 17:39:05 dianping_items.py[line:205] DEBUG 请求成功, url: http://www.dianping.com/search/category/255/10/g110c1699p1, params: 
Thu, 14 Dec 2017 17:39:07 connectionpool.py[line:396] DEBUG http://proxy.abuyun.com:9010 "GET http://www.dianping.com/search/category/255/10/g110c1699p2 HTTP/1.1" 200 None
Thu, 14 Dec 2017 17:39:07 dianping_items.py[line:205] DEBUG 请求成功, url: http://www.dianping.com/search/category/255/10/g110c1699p2, params: 
Thu, 14 Dec 2017 17:39:08 connectionpool.py[line:396] DEBUG http://proxy.abuyun.com:9010 "GET http://www.dianping.com/search/category/255/10/g110c1699p3 HTTP/1.1" 200 None
Thu, 14 Dec 2017 17:39:09 dianping_items.py[line:205] DEBUG 请求成功, url: http://www.dianping.com/search/category/255/10/g110c1699p3, params: 
Thu, 14 Dec 2017 17:39:10 connectionpool.py[line:396] DEBUG http://proxy.abuyun.com:9010 "GET http://www.dianping.com/search/category/255/10/g110c1699p4 HTTP/1.1" 200 None
Thu, 14 Dec 2017 17:39:10 dianping_items.py[line:205] DEBUG 请求成功, url: http://www.dianping.com/search/category/255/10/g110c1699p4, params: 
Thu, 14 Dec 2017 17:39:11 connectionpool.py[line:396] DEBUG http://proxy.abuyun.com:9010 "GET http://www.dianping.com/search/category/255/10/g110c1699p5 HTTP/1.1" 200 None
Thu, 14 Dec 2017 17:39:11 dianping_items.py[line:205] DEBUG 请求成功, url: http://www.dianping.com/search/category/255/10/g110c1699p5, params: 
Thu, 14 Dec 2017 17:39:12 connectionpool.py[line:396] DEBUG http://proxy.abuyun.com:9010 "GET http://www.dianping.com/search/category/255/10/g110c1699p6 HTTP/1.1" 200 None
Thu, 14 Dec 2017 17:39:12 dianping_items.py[line:205] DEBUG 请求成功, url: http://www.dianping.com/search/category/255/10/g110c1699p6, params: 
Thu, 14 Dec 2017 17:39:20 connectionpool.py[line:396] DEBUG http://proxy.abuyun.com:9010 "GET http://www.dianping.com/search/category/255/10/g110c1699p7 HTTP/1.1" 200 None
Thu, 14 Dec 2017 17:39:20 dianping_items.py[line:205] DEBUG 请求成功, url: http://www.dianping.com/search/category/255/10/g110c1699p7, params: 
Thu, 14 Dec 2017 17:39:21 connectionpool.py[line:396] DEBUG http://proxy.abuyun.com:9010 "GET http://www.dianping.com/search/category/255/10/g102c1699p1 HTTP/1.1" 200 None
Thu, 14 Dec 2017 17:39:21 dianping_items.py[line:205] DEBUG 请求成功, url: http://www.dianping.com/search/category/255/10/g102c1699p1, params: 
Thu, 14 Dec 2017 17:39:22 connectionpool.py[line:396] DEBUG http://proxy.abuyun.com:9010 "GET http://www.dianping.com/search/category/255/10/g102c1699p2 HTTP/1.1" 200 None
Thu, 14 Dec 2017 17:39:22 dianping_items.py[line:205] DEBUG 请求成功, url: http://www.dianping.com/search/category/255/10/g102c1699p2, params: 
Thu, 14 Dec 2017 17:39:23 connectionpool.py[line:396] DEBUG http://proxy.abuyun.com:9010 "GET http://www.dianping.com/search/category/255/10/g102c1699p3 HTTP/1.1" 200 None
Thu, 14 Dec 2017 17:39:23 dianping_items.py[line:205] DEBUG 请求成功, url: http://www.dianping.com/search/category/255/10/g102c1699p3, params: 
Thu, 14 Dec 2017 17:39:24 connectionpool.py[line:396] DEBUG http://proxy.abuyun.com:9010 "GET http://www.dianping.com/search/category/255/10/g102c1699p4 HTTP/1.1" 200 None
Thu, 14 Dec 2017 17:39:24 dianping_items.py[line:205] DEBUG 请求成功, url: http://www.dianping.com/search/category/255/10/g102c1699p4, params: 
Thu, 14 Dec 2017 17:39:25 connectionpool.py[line:396] DEBUG http://proxy.abuyun.com:9010 "GET http://www.dianping.com/search/category/255/10/g102c1699p5 HTTP/1.1" 200 None
Thu, 14 Dec 2017 17:39:25 dianping_items.py[line:205] DEBUG 请求成功, url: http://www.dianping.com/search/category/255/10/g102c1699p5, params: 
Thu, 14 Dec 2017 17:39:26 connectionpool.py[line:396] DEBUG http://proxy.abuyun.com:9010 "GET http://www.dianping.com/search/category/255/10/g102c1699p6 HTTP/1.1" 200 None
Thu, 14 Dec 2017 17:39:26 dianping_items.py[line:205] DEBUG 请求成功, url: http://www.dianping.com/search/category/255/10/g102c1699p6, params: 
Thu, 14 Dec 2017 17:39:27 connectionpool.py[line:396] DEBUG http://proxy.abuyun.com:9010 "GET http://www.dianping.com/search/category/255/10/g102c1699p7 HTTP/1.1" 200 None
Thu, 14 Dec 2017 17:39:27 dianping_items.py[line:205] DEBUG 请求成功, url: http://www.dianping.com/search/category/255/10/g102c1699p7, params: 
Thu, 14 Dec 2017 17:39:28 connectionpool.py[line:396] DEBUG http://proxy.abuyun.com:9010 "GET http://www.dianping.com/search/category/255/10/g102c1699p8 HTTP/1.1" 200 None
Thu, 14 Dec 2017 17:39:29 dianping_items.py[line:205] DEBUG 请求成功, url: http://www.dianping.com/search/category/255/10/g102c1699p8, params: 
Thu, 14 Dec 2017 17:39:30 connectionpool.py[line:396] DEBUG http://proxy.abuyun.com:9010 "GET http://www.dianping.com/search/category/255/10/g102c1699p9 HTTP/1.1" 200 None
Thu, 14 Dec 2017 17:39:32 dianping_items.py[line:205] DEBUG 请求成功, url: http://www.dianping.com/search/category/255/10/g102c1699p9, params: 
Thu, 14 Dec 2017 17:39:33 connectionpool.py[line:396] DEBUG http://proxy.abuyun.com:9010 "GET http://www.dianping.com/search/category/255/10/g102c1699p10 HTTP/1.1" 200 None
Thu, 14 Dec 2017 17:39:33 dianping_items.py[line:205] DEBUG 请求成功, url: http://www.dianping.com/search/category/255/10/g102c1699p10, params: 
Thu, 14 Dec 2017 17:39:33 connectionpool.py[line:396] DEBUG http://proxy.abuyun.com:9010 "GET http://www.dianping.com/search/category/255/10/g102c1699p11 HTTP/1.1" 200 None
Thu, 14 Dec 2017 17:39:34 dianping_items.py[line:205] DEBUG 请求成功, url: http://www.dianping.com/search/category/255/10/g102c1699p11, params: 
Thu, 14 Dec 2017 17:39:34 connectionpool.py[line:396] DEBUG http://proxy.abuyun.com:9010 "GET http://www.dianping.com/search/category/255/10/g217c1699p1 HTTP/1.1" 200 None
Thu, 14 Dec 2017 17:39:35 dianping_items.py[line:205] DEBUG 请求成功, url: http://www.dianping.com/search/category/255/10/g217c1699p1, params: 
Thu, 14 Dec 2017 17:39:45 connectionpool.py[line:396] DEBUG http://proxy.abuyun.com:9010 "GET http://www.dianping.com/search/category/255/10/g217c1699p2 HTTP/1.1" 200 None
Thu, 14 Dec 2017 17:39:49 dianping_items.py[line:205] DEBUG 请求成功, url: http://www.dianping.com/search/category/255/10/g217c1699p2, params: 
Thu, 14 Dec 2017 17:39:50 connectionpool.py[line:396] DEBUG http://proxy.abuyun.com:9010 "GET http://www.dianping.com/search/category/255/10/g217c1699p3 HTTP/1.1" 200 None
Thu, 14 Dec 2017 17:39:50 dianping_items.py[line:205] DEBUG 请求成功, url: http://www.dianping.com/search/category/255/10/g217c1699p3, params: 
Thu, 14 Dec 2017 17:39:50 connectionpool.py[line:396] DEBUG http://proxy.abuyun.com:9010 "GET http://www.dianping.com/search/category/255/10/g217c1699p4 HTTP/1.1" 200 None
Thu, 14 Dec 2017 17:39:51 dianping_items.py[line:205] DEBUG 请求成功, url: http://www.dianping.com/search/category/255/10/g217c1699p4, params: 
Thu, 14 Dec 2017 17:39:51 connectionpool.py[line:396] DEBUG http://proxy.abuyun.com:9010 "GET http://www.dianping.com/search/category/255/10/g116c1699p1 HTTP/1.1" 200 None
Thu, 14 Dec 2017 17:39:51 dianping_items.py[line:205] DEBUG 请求成功, url: http://www.dianping.com/search/category/255/10/g116c1699p1, params: 
Thu, 14 Dec 2017 17:39:52 connectionpool.py[line:396] DEBUG http://proxy.abuyun.com:9010 "GET http://www.dianping.com/search/category/255/10/g116c1699p2 HTTP/1.1" 200 None
Thu, 14 Dec 2017 17:39:52 dianping_items.py[line:205] DEBUG 请求成功, url: http://www.dianping.com/search/category/255/10/g116c1699p2, params: 
Thu, 14 Dec 2017 17:39:52 connectionpool.py[line:396] DEBUG http://proxy.abuyun.com:9010 "GET http://www.dianping.com/search/category/255/10/g132c1699p1 HTTP/1.1" 200 None
Thu, 14 Dec 2017 17:39:53 dianping_items.py[line:205] DEBUG 请求成功, url: http://www.dianping.com/search/category/255/10/g132c1699p1, params: 
Thu, 14 Dec 2017 17:39:54 connectionpool.py[line:396] DEBUG http://proxy.abuyun.com:9010 "GET http://www.dianping.com/search/category/255/10/g132c1699p2 HTTP/1.1" 200 None
Thu, 14 Dec 2017 17:39:54 dianping_items.py[line:205] DEBUG 请求成功, url: http://www.dianping.com/search/category/255/10/g132c1699p2, params: 
Thu, 14 Dec 2017 17:39:54 connectionpool.py[line:396] DEBUG http://proxy.abuyun.com:9010 "GET http://www.dianping.com/search/category/255/10/g3243c1699p1 HTTP/1.1" 200 None
Thu, 14 Dec 2017 17:39:54 dianping_items.py[line:205] DEBUG 请求成功, url: http://www.dianping.com/search/category/255/10/g3243c1699p1, params: 
Thu, 14 Dec 2017 17:39:55 connectionpool.py[line:396] DEBUG http://proxy.abuyun.com:9010 "GET http://www.dianping.com/search/category/255/10/g134c1699p1 HTTP/1.1" 200 None
Thu, 14 Dec 2017 17:39:55 dianping_items.py[line:205] DEBUG 请求成功, url: http://www.dianping.com/search/category/255/10/g134c1699p1, params: 
Thu, 14 Dec 2017 17:39:56 connectionpool.py[line:396] DEBUG http://proxy.abuyun.com:9010 "GET http://www.dianping.com/search/category/255/10/g134c1699p2 HTTP/1.1" 200 None
Thu, 14 Dec 2017 17:39:56 dianping_items.py[line:205] DEBUG 请求成功, url: http://www.dianping.com/search/category/255/10/g134c1699p2, params: 
Thu, 14 Dec 2017 17:39:57 connectionpool.py[line:396] DEBUG http://proxy.abuyun.com:9010 "GET http://www.dianping.com/search/category/255/10/g134c1699p3 HTTP/1.1" 200 None
Thu, 14 Dec 2017 17:39:57 dianping_items.py[line:205] DEBUG 请求成功, url: http://www.dianping.com/search/category/255/10/g134c1699p3, params: 
Thu, 14 Dec 2017 17:39:58 connectionpool.py[line:396] DEBUG http://proxy.abuyun.com:9010 "GET http://www.dianping.com/search/category/255/10/g103c1699p1 HTTP/1.1" 403 0
Thu, 14 Dec 2017 17:39:58 connectionpool.py[line:243] DEBUG Resetting dropped connection: proxy.abuyun.com
Thu, 14 Dec 2017 17:39:58 connectionpool.py[line:396] DEBUG http://proxy.abuyun.com:9010 "GET http://www.dianping.com/search/category/255/10/g103c1699p1 HTTP/1.1" 200 None
Thu, 14 Dec 2017 17:39:58 dianping_items.py[line:205] DEBUG 请求成功, url: http://www.dianping.com/search/category/255/10/g103c1699p1, params: 
Thu, 14 Dec 2017 17:39:58 connectionpool.py[line:396] DEBUG http://proxy.abuyun.com:9010 "GET http://www.dianping.com/search/category/255/10/g103c1699p2 HTTP/1.1" 200 None
Thu, 14 Dec 2017 17:39:59 dianping_items.py[line:205] DEBUG 请求成功, url: http://www.dianping.com/search/category/255/10/g103c1699p2, params: 
Thu, 14 Dec 2017 17:39:59 connectionpool.py[line:396] DEBUG http://proxy.abuyun.com:9010 "GET http://www.dianping.com/search/category/255/10/g106c1699p1 HTTP/1.1" 200 None
Thu, 14 Dec 2017 17:39:59 dianping_items.py[line:205] DEBUG 请求成功, url: http://www.dianping.com/search/category/255/10/g106c1699p1, params: 
Thu, 14 Dec 2017 17:40:00 connectionpool.py[line:396] DEBUG http://proxy.abuyun.com:9010 "GET http://www.dianping.com/search/category/255/10/g106c1699p2 HTTP/1.1" 200 None
Thu, 14 Dec 2017 17:40:00 dianping_items.py[line:205] DEBUG 请求成功, url: http://www.dianping.com/search/category/255/10/g106c1699p2, params: 
Thu, 14 Dec 2017 17:40:01 connectionpool.py[line:396] DEBUG http://proxy.abuyun.com:9010 "GET http://www.dianping.com/search/category/255/10/g115c1699p1 HTTP/1.1" 200 None
Thu, 14 Dec 2017 17:40:01 dianping_items.py[line:205] DEBUG 请求成功, url: http://www.dianping.com/search/category/255/10/g115c1699p1, params: 
Thu, 14 Dec 2017 17:40:02 connectionpool.py[line:396] DEBUG http://proxy.abuyun.com:9010 "GET http://www.dianping.com/search/category/255/10/g113c1699p1 HTTP/1.1" 200 None
Thu, 14 Dec 2017 17:40:02 dianping_items.py[line:205] DEBUG 请求成功, url: http://www.dianping.com/search/category/255/10/g113c1699p1, params: 
Thu, 14 Dec 2017 17:40:02 connectionpool.py[line:396] DEBUG http://proxy.abuyun.com:9010 "GET http://www.dianping.com/search/category/255/10/g251c1699p1 HTTP/1.1" 200 None
Thu, 14 Dec 2017 17:40:02 dianping_items.py[line:205] DEBUG 请求成功, url: http://www.dianping.com/search/category/255/10/g251c1699p1, params: 
Thu, 14 Dec 2017 17:40:03 connectionpool.py[line:396] DEBUG http://proxy.abuyun.com:9010 "GET http://www.dianping.com/search/category/255/10/g251c1699p2 HTTP/1.1" 200 None
Thu, 14 Dec 2017 17:40:03 dianping_items.py[line:205] DEBUG 请求成功, url: http://www.dianping.com/search/category/255/10/g251c1699p2, params: 
Thu, 14 Dec 2017 17:40:04 connectionpool.py[line:396] DEBUG http://proxy.abuyun.com:9010 "GET http://www.dianping.com/search/category/255/10/g311c1699p1 HTTP/1.1" 200 None
Thu, 14 Dec 2017 17:40:04 dianping_items.py[line:205] DEBUG 请求成功, url: http://www.dianping.com/search/category/255/10/g311c1699p1, params: 
Thu, 14 Dec 2017 17:40:04 connectionpool.py[line:396] DEBUG http://proxy.abuyun.com:9010 "GET http://www.dianping.com/search/category/255/10/g250c1699p1 HTTP/1.1" 200 None
Thu, 14 Dec 2017 17:40:04 dianping_items.py[line:205] DEBUG 请求成功, url: http://www.dianping.com/search/category/255/10/g250c1699p1, params: 
Thu, 14 Dec 2017 17:40:05 connectionpool.py[line:396] DEBUG http://proxy.abuyun.com:9010 "GET http://www.dianping.com/search/category/255/10/g3017c1699p1 HTTP/1.1" 200 None
Thu, 14 Dec 2017 17:40:05 dianping_items.py[line:205] DEBUG 请求成功, url: http://www.dianping.com/search/category/255/10/g3017c1699p1, params: 
Thu, 14 Dec 2017 17:40:06 connectionpool.py[line:396] DEBUG http://proxy.abuyun.com:9010 "GET http://www.dianping.com/search/category/255/10/g508c1699p1 HTTP/1.1" 200 None
Thu, 14 Dec 2017 17:40:06 dianping_items.py[line:205] DEBUG 请求成功, url: http://www.dianping.com/search/category/255/10/g508c1699p1, params: 
Thu, 14 Dec 2017 17:40:07 connectionpool.py[line:396] DEBUG http://proxy.abuyun.com:9010 "GET http://www.dianping.com/search/category/255/10/g508c1699p2 HTTP/1.1" 200 None
Thu, 14 Dec 2017 17:40:07 dianping_items.py[line:205] DEBUG 请求成功, url: http://www.dianping.com/search/category/255/10/g508c1699p2, params: 
Thu, 14 Dec 2017 17:40:07 connectionpool.py[line:396] DEBUG http://proxy.abuyun.com:9010 "GET http://www.dianping.com/search/category/255/10/g508c1699p3 HTTP/1.1" 200 None
Thu, 14 Dec 2017 17:40:08 dianping_items.py[line:205] DEBUG 请求成功, url: http://www.dianping.com/search/category/255/10/g508c1699p3, params: 
Thu, 14 Dec 2017 17:40:08 connectionpool.py[line:396] DEBUG http://proxy.abuyun.com:9010 "GET http://www.dianping.com/search/category/255/10/g219c1699p1 HTTP/1.1" 200 None
Thu, 14 Dec 2017 17:40:08 dianping_items.py[line:205] DEBUG 请求成功, url: http://www.dianping.com/search/category/255/10/g219c1699p1, params: 
Thu, 14 Dec 2017 17:40:09 connectionpool.py[line:396] DEBUG http://proxy.abuyun.com:9010 "GET http://www.dianping.com/search/category/255/10/g219c1699p2 HTTP/1.1" 200 None
Thu, 14 Dec 2017 17:40:09 dianping_items.py[line:205] DEBUG 请求成功, url: http://www.dianping.com/search/category/255/10/g219c1699p2, params: 
Thu, 14 Dec 2017 17:40:09 connectionpool.py[line:396] DEBUG http://proxy.abuyun.com:9010 "GET http://www.dianping.com/search/category/255/10/g111c1699p1 HTTP/1.1" 200 None
Thu, 14 Dec 2017 17:40:09 dianping_items.py[line:205] DEBUG 请求成功, url: http://www.dianping.com/search/category/255/10/g111c1699p1, params: 
Thu, 14 Dec 2017 17:40:10 connectionpool.py[line:396] DEBUG http://proxy.abuyun.com:9010 "GET http://www.dianping.com/search/category/255/10/g111c1699p2 HTTP/1.1" 200 None
Thu, 14 Dec 2017 17:40:10 dianping_items.py[line:205] DEBUG 请求成功, url: http://www.dianping.com/search/category/255/10/g111c1699p2, params: 
Thu, 14 Dec 2017 17:40:11 connectionpool.py[line:396] DEBUG http://proxy.abuyun.com:9010 "GET http://www.dianping.com/search/category/255/10/g112c1699p1 HTTP/1.1" 200 None
Thu, 14 Dec 2017 17:40:12 dianping_items.py[line:205] DEBUG 请求成功, url: http://www.dianping.com/search/category/255/10/g112c1699p1, params: 
Thu, 14 Dec 2017 17:40:13 connectionpool.py[line:396] DEBUG http://proxy.abuyun.com:9010 "GET http://www.dianping.com/search/category/255/10/g101c1699p1 HTTP/1.1" 200 None
Thu, 14 Dec 2017 17:40:13 dianping_items.py[line:205] DEBUG 请求成功, url: http://www.dianping.com/search/category/255/10/g101c1699p1, params: 
Thu, 14 Dec 2017 17:40:14 connectionpool.py[line:396] DEBUG http://proxy.abuyun.com:9010 "GET http://www.dianping.com/search/category/255/10/g101c1699p2 HTTP/1.1" 200 None
Thu, 14 Dec 2017 17:40:14 dianping_items.py[line:205] DEBUG 请求成功, url: http://www.dianping.com/search/category/255/10/g101c1699p2, params: 
Thu, 14 Dec 2017 17:40:14 connectionpool.py[line:396] DEBUG http://proxy.abuyun.com:9010 "GET http://www.dianping.com/search/category/255/10/g1338c1699p1 HTTP/1.1" 200 None
Thu, 14 Dec 2017 17:40:14 dianping_items.py[line:205] DEBUG 请求成功, url: http://www.dianping.com/search/category/255/10/g1338c1699p1, params: 
Thu, 14 Dec 2017 17:40:15 connectionpool.py[line:396] DEBUG http://proxy.abuyun.com:9010 "GET http://www.dianping.com/search/category/255/10/g117c1699p1 HTTP/1.1" 503 364
Thu, 14 Dec 2017 17:40:15 connectionpool.py[line:243] DEBUG Resetting dropped connection: proxy.abuyun.com
Thu, 14 Dec 2017 17:40:15 connectionpool.py[line:396] DEBUG http://proxy.abuyun.com:9010 "GET http://www.dianping.com/search/category/255/10/g117c1699p1 HTTP/1.1" 503 364
Thu, 14 Dec 2017 17:40:15 connectionpool.py[line:243] DEBUG Resetting dropped connection: proxy.abuyun.com
Thu, 14 Dec 2017 17:40:15 connectionpool.py[line:396] DEBUG http://proxy.abuyun.com:9010 "GET http://www.dianping.com/search/category/255/10/g117c1699p1 HTTP/1.1" 503 364
Thu, 14 Dec 2017 17:40:15 connectionpool.py[line:243] DEBUG Resetting dropped connection: proxy.abuyun.com
Thu, 14 Dec 2017 17:40:15 connectionpool.py[line:396] DEBUG http://proxy.abuyun.com:9010 "GET http://www.dianping.com/search/category/255/10/g117c1699p1 HTTP/1.1" 503 364
Thu, 14 Dec 2017 17:40:15 connectionpool.py[line:243] DEBUG Resetting dropped connection: proxy.abuyun.com
Thu, 14 Dec 2017 17:40:15 connectionpool.py[line:396] DEBUG http://proxy.abuyun.com:9010 "GET http://www.dianping.com/search/category/255/10/g117c1699p1 HTTP/1.1" 503 364
Thu, 14 Dec 2017 17:40:15 connectionpool.py[line:243] DEBUG Resetting dropped connection: proxy.abuyun.com
Thu, 14 Dec 2017 17:40:15 connectionpool.py[line:396] DEBUG http://proxy.abuyun.com:9010 "GET http://www.dianping.com/search/category/255/10/g117c1699p1 HTTP/1.1" 503 364
Thu, 14 Dec 2017 17:40:15 connectionpool.py[line:243] DEBUG Resetting dropped connection: proxy.abuyun.com
Thu, 14 Dec 2017 17:40:16 connectionpool.py[line:396] DEBUG http://proxy.abuyun.com:9010 "GET http://www.dianping.com/search/category/255/10/g117c1699p1 HTTP/1.1" 503 364
Thu, 14 Dec 2017 17:40:16 connectionpool.py[line:243] DEBUG Resetting dropped connection: proxy.abuyun.com
Thu, 14 Dec 2017 17:40:17 connectionpool.py[line:396] DEBUG http://proxy.abuyun.com:9010 "GET http://www.dianping.com/search/category/255/10/g117c1699p1 HTTP/1.1" 200 None
Thu, 14 Dec 2017 17:40:17 dianping_items.py[line:205] DEBUG 请求成功, url: http://www.dianping.com/search/category/255/10/g117c1699p1, params: 
Thu, 14 Dec 2017 17:40:17 connectionpool.py[line:396] DEBUG http://proxy.abuyun.com:9010 "GET http://www.dianping.com/search/category/255/10/g117c1699p2 HTTP/1.1" 200 None
Thu, 14 Dec 2017 17:40:18 dianping_items.py[line:205] DEBUG 请求成功, url: http://www.dianping.com/search/category/255/10/g117c1699p2, params: 
Thu, 14 Dec 2017 17:40:19 connectionpool.py[line:396] DEBUG http://proxy.abuyun.com:9010 "GET http://www.dianping.com/search/category/255/10/g117c1699p3 HTTP/1.1" 200 None
Thu, 14 Dec 2017 17:40:20 dianping_items.py[line:205] DEBUG 请求成功, url: http://www.dianping.com/search/category/255/10/g117c1699p3, params: 
Thu, 14 Dec 2017 17:40:21 connectionpool.py[line:396] DEBUG http://proxy.abuyun.com:9010 "GET http://www.dianping.com/search/category/255/10/g117c1699p4 HTTP/1.1" 403 0
Thu, 14 Dec 2017 17:40:21 connectionpool.py[line:243] DEBUG Resetting dropped connection: proxy.abuyun.com
